{"/home/travis/build/npmtest/node-npmtest-voca/test.js":{"path":"/home/travis/build/npmtest/node-npmtest-voca/test.js","s":{"1":2,"2":2,"3":2,"4":2,"5":2,"6":2,"7":2,"8":1,"9":2,"10":2,"11":1,"12":1,"13":1,"14":1,"15":2,"16":2,"17":2,"18":2,"19":1,"20":1,"21":2,"22":2,"23":2,"24":1,"25":1,"26":1,"27":1,"28":1,"29":1,"30":1,"31":1,"32":1,"33":1,"34":1,"35":1,"36":1,"37":1,"38":1,"39":2,"40":2,"41":1,"42":2,"43":2,"44":1,"45":2,"46":2,"47":1,"48":2,"49":2,"50":1,"51":1,"52":1,"53":1,"54":1},"b":{"1":[2,1,1,1],"2":[1,1,1,1],"3":[1,1],"4":[1,1],"5":[1,1],"6":[1,1],"7":[1,1],"8":[1,1],"9":[1,1],"10":[1,1,1],"11":[1,1],"12":[1,1],"13":[1,1],"14":[1,1],"15":[1,1],"16":[1,1],"17":[1,1]},"f":{"1":2,"2":2,"3":2,"4":2,"5":2,"6":1,"7":1,"8":1,"9":2,"10":2,"11":2,"12":2,"13":1},"fnMap":{"1":{"name":"(anonymous_1)","line":12,"loc":{"start":{"line":12,"column":1},"end":{"line":12,"column":13}}},"2":{"name":"(anonymous_2)","line":19,"loc":{"start":{"line":19,"column":5},"end":{"line":19,"column":17}}},"3":{"name":"(anonymous_3)","line":23,"loc":{"start":{"line":23,"column":24},"end":{"line":23,"column":36}}},"4":{"name":"(anonymous_4)","line":61,"loc":{"start":{"line":61,"column":5},"end":{"line":61,"column":17}}},"5":{"name":"(anonymous_5)","line":82,"loc":{"start":{"line":82,"column":5},"end":{"line":82,"column":17}}},"6":{"name":"(anonymous_6)","line":91,"loc":{"start":{"line":91,"column":77},"end":{"line":94,"column":10}}},"7":{"name":"(anonymous_7)","line":112,"loc":{"start":{"line":112,"column":83},"end":{"line":115,"column":10}},"skip":true},"8":{"name":"(anonymous_8)","line":123,"loc":{"start":{"line":123,"column":77},"end":{"line":126,"column":10}},"skip":true},"9":{"name":"(anonymous_9)","line":139,"loc":{"start":{"line":139,"column":12},"end":{"line":139,"column":40}},"skip":true},"10":{"name":"(anonymous_10)","line":147,"loc":{"start":{"line":147,"column":77},"end":{"line":150,"column":10}},"skip":true},"11":{"name":"(anonymous_11)","line":158,"loc":{"start":{"line":158,"column":83},"end":{"line":161,"column":10}},"skip":true},"12":{"name":"(anonymous_12)","line":169,"loc":{"start":{"line":169,"column":79},"end":{"line":172,"column":10}},"skip":true},"13":{"name":"(anonymous_13)","line":180,"loc":{"start":{"line":180,"column":75},"end":{"line":183,"column":10}},"skip":true}},"statementMap":{"1":{"start":{"line":12,"column":0},"end":{"line":195,"column":5}},"2":{"start":{"line":14,"column":4},"end":{"line":14,"column":14}},"3":{"start":{"line":19,"column":4},"end":{"line":56,"column":9}},"4":{"start":{"line":21,"column":8},"end":{"line":21,"column":19}},"5":{"start":{"line":23,"column":8},"end":{"line":35,"column":13}},"6":{"start":{"line":24,"column":12},"end":{"line":34,"column":13}},"7":{"start":{"line":25,"column":16},"end":{"line":28,"column":30}},"8":{"start":{"line":30,"column":16},"end":{"line":33,"column":27}},"9":{"start":{"line":37,"column":8},"end":{"line":39,"column":21}},"10":{"start":{"line":40,"column":8},"end":{"line":53,"column":9}},"11":{"start":{"line":43,"column":12},"end":{"line":46,"column":14}},"12":{"start":{"line":47,"column":12},"end":{"line":47,"column":18}},"13":{"start":{"line":50,"column":12},"end":{"line":51,"column":46}},"14":{"start":{"line":52,"column":12},"end":{"line":52,"column":18}},"15":{"start":{"line":55,"column":8},"end":{"line":55,"column":35}},"16":{"start":{"line":61,"column":4},"end":{"line":63,"column":9}},"17":{"start":{"line":62,"column":8},"end":{"line":62,"column":15}},"18":{"start":{"line":64,"column":4},"end":{"line":77,"column":5}},"19":{"start":{"line":70,"column":8},"end":{"line":70,"column":14}},"20":{"start":{"line":76,"column":8},"end":{"line":76,"column":14}},"21":{"start":{"line":82,"column":4},"end":{"line":84,"column":9}},"22":{"start":{"line":83,"column":8},"end":{"line":83,"column":15}},"23":{"start":{"line":85,"column":4},"end":{"line":194,"column":5}},"24":{"start":{"line":91,"column":8},"end":{"line":99,"column":10}},"25":{"start":{"line":98,"column":12},"end":{"line":98,"column":35}},"26":{"start":{"line":102,"column":8},"end":{"line":104,"column":63}},"27":{"start":{"line":105,"column":8},"end":{"line":105,"column":14}},"28":{"start":{"line":112,"column":8},"end":{"line":121,"column":10},"skip":true},"29":{"start":{"line":119,"column":12},"end":{"line":119,"column":55},"skip":true},"30":{"start":{"line":120,"column":12},"end":{"line":120,"column":48},"skip":true},"31":{"start":{"line":123,"column":8},"end":{"line":136,"column":10},"skip":true},"32":{"start":{"line":130,"column":12},"end":{"line":130,"column":76},"skip":true},"33":{"start":{"line":131,"column":12},"end":{"line":131,"column":73},"skip":true},"34":{"start":{"line":132,"column":12},"end":{"line":132,"column":74},"skip":true},"35":{"start":{"line":133,"column":12},"end":{"line":133,"column":79},"skip":true},"36":{"start":{"line":134,"column":12},"end":{"line":134,"column":25},"skip":true},"37":{"start":{"line":135,"column":12},"end":{"line":135,"column":45},"skip":true},"38":{"start":{"line":138,"column":8},"end":{"line":145,"column":14},"skip":true},"39":{"start":{"line":143,"column":16},"end":{"line":143,"column":29},"skip":true},"40":{"start":{"line":144,"column":16},"end":{"line":144,"column":55},"skip":true},"41":{"start":{"line":147,"column":8},"end":{"line":156,"column":10},"skip":true},"42":{"start":{"line":154,"column":12},"end":{"line":154,"column":25},"skip":true},"43":{"start":{"line":155,"column":12},"end":{"line":155,"column":45},"skip":true},"44":{"start":{"line":158,"column":8},"end":{"line":167,"column":10},"skip":true},"45":{"start":{"line":165,"column":12},"end":{"line":165,"column":25},"skip":true},"46":{"start":{"line":166,"column":12},"end":{"line":166,"column":48},"skip":true},"47":{"start":{"line":169,"column":8},"end":{"line":178,"column":10},"skip":true},"48":{"start":{"line":176,"column":12},"end":{"line":176,"column":25},"skip":true},"49":{"start":{"line":177,"column":12},"end":{"line":177,"column":46},"skip":true},"50":{"start":{"line":180,"column":8},"end":{"line":189,"column":10},"skip":true},"51":{"start":{"line":187,"column":12},"end":{"line":187,"column":94},"skip":true},"52":{"start":{"line":188,"column":12},"end":{"line":188,"column":48},"skip":true},"53":{"start":{"line":192,"column":8},"end":{"line":192,"column":35},"skip":true},"54":{"start":{"line":193,"column":8},"end":{"line":193,"column":14},"skip":true}},"branchMap":{"1":{"line":25,"type":"binary-expr","locations":[{"start":{"line":25,"column":23},"end":{"line":25,"column":62}},{"start":{"line":26,"column":20},"end":{"line":26,"column":70}},{"start":{"line":27,"column":20},"end":{"line":27,"column":71}},{"start":{"line":28,"column":20},"end":{"line":28,"column":29}}]},"2":{"line":30,"type":"binary-expr","locations":[{"start":{"line":30,"column":23},"end":{"line":30,"column":37}},{"start":{"line":31,"column":20},"end":{"line":31,"column":61}},{"start":{"line":32,"column":20},"end":{"line":32,"column":70}},{"start":{"line":33,"column":20},"end":{"line":33,"column":26}}]},"3":{"line":37,"type":"cond-expr","locations":[{"start":{"line":38,"column":14},"end":{"line":38,"column":20}},{"start":{"line":39,"column":14},"end":{"line":39,"column":20}}]},"4":{"line":40,"type":"switch","locations":[{"start":{"line":42,"column":8},"end":{"line":47,"column":18}},{"start":{"line":49,"column":8},"end":{"line":52,"column":18}}]},"5":{"line":44,"type":"binary-expr","locations":[{"start":{"line":44,"column":16},"end":{"line":44,"column":44}},{"start":{"line":44,"column":48},"end":{"line":44,"column":66}}]},"6":{"line":50,"type":"binary-expr","locations":[{"start":{"line":50,"column":21},"end":{"line":50,"column":49}},{"start":{"line":50,"column":53},"end":{"line":50,"column":72}}]},"7":{"line":64,"type":"switch","locations":[{"start":{"line":69,"column":4},"end":{"line":70,"column":14}},{"start":{"line":75,"column":4},"end":{"line":76,"column":14}}]},"8":{"line":85,"type":"switch","locations":[{"start":{"line":90,"column":4},"end":{"line":105,"column":14}},{"start":{"line":111,"column":4},"end":{"line":193,"column":14},"skip":true}]},"9":{"line":91,"type":"binary-expr","locations":[{"start":{"line":91,"column":42},"end":{"line":91,"column":73}},{"start":{"line":91,"column":77},"end":{"line":99,"column":9}}]},"10":{"line":102,"type":"binary-expr","locations":[{"start":{"line":102,"column":18},"end":{"line":102,"column":32}},{"start":{"line":103,"column":12},"end":{"line":103,"column":53}},{"start":{"line":104,"column":12},"end":{"line":104,"column":61}}]},"11":{"line":112,"type":"binary-expr","locations":[{"start":{"line":112,"column":45},"end":{"line":112,"column":79},"skip":true},{"start":{"line":112,"column":83},"end":{"line":121,"column":9},"skip":true}]},"12":{"line":123,"type":"binary-expr","locations":[{"start":{"line":123,"column":42},"end":{"line":123,"column":73},"skip":true},{"start":{"line":123,"column":77},"end":{"line":136,"column":9},"skip":true}]},"13":{"line":138,"type":"binary-expr","locations":[{"start":{"line":138,"column":48},"end":{"line":138,"column":85},"skip":true},{"start":{"line":139,"column":12},"end":{"line":145,"column":13},"skip":true}]},"14":{"line":147,"type":"binary-expr","locations":[{"start":{"line":147,"column":42},"end":{"line":147,"column":73},"skip":true},{"start":{"line":147,"column":77},"end":{"line":156,"column":9},"skip":true}]},"15":{"line":158,"type":"binary-expr","locations":[{"start":{"line":158,"column":45},"end":{"line":158,"column":79},"skip":true},{"start":{"line":158,"column":83},"end":{"line":167,"column":9},"skip":true}]},"16":{"line":169,"type":"binary-expr","locations":[{"start":{"line":169,"column":43},"end":{"line":169,"column":75},"skip":true},{"start":{"line":169,"column":79},"end":{"line":178,"column":9},"skip":true}]},"17":{"line":180,"type":"binary-expr","locations":[{"start":{"line":180,"column":41},"end":{"line":180,"column":71},"skip":true},{"start":{"line":180,"column":75},"end":{"line":189,"column":9},"skip":true}]}},"code":["/* istanbul instrument in package npmtest_voca */","/*jslint","    bitwise: true,","    browser: true,","    maxerr: 8,","    maxlen: 96,","    node: true,","    nomen: true,","    regexp: true,","    stupid: true","*/","(function () {","    'use strict';","    var local;","","","","    // run shared js-env code - pre-init","    (function () {","        // init local","        local = {};","        // init modeJs","        local.modeJs = (function () {","            try {","                return typeof navigator.userAgent === 'string' &&","                    typeof document.querySelector('body') === 'object' &&","                    typeof XMLHttpRequest.prototype.open === 'function' &&","                    'browser';","            } catch (errorCaughtBrowser) {","                return module.exports &&","                    typeof process.versions.node === 'string' &&","                    typeof require('http').createServer === 'function' &&","                    'node';","            }","        }());","        // init global","        local.global = local.modeJs === 'browser'","            ? window","            : global;","        switch (local.modeJs) {","        // re-init local from window.local","        case 'browser':","            local = local.global.utility2.objectSetDefault(","                local.global.utility2_rollup || local.global.local,","                local.global.utility2","            );","            break;","        // re-init local from example.js","        case 'node':","            local = (local.global.utility2_rollup || require('utility2'))","                .requireExampleJsFromReadme();","            break;","        }","        // export local","        local.global.local = local;","    }());","","","","    // run shared js-env code - function","    (function () {","        return;","    }());","    switch (local.modeJs) {","","","","    // run browser js-env code - function","    case 'browser':","        break;","","","","    // run node js-env code - function","    case 'node':","        break;","    }","","","","    // run shared js-env code - post-init","    (function () {","        return;","    }());","    switch (local.modeJs) {","","","","    // run browser js-env code - post-init","    case 'browser':","        local.testCase_browser_nullCase = local.testCase_browser_nullCase || function (","            options,","            onError","        ) {","        /*","         * this function will test browsers's null-case handling-behavior-behavior","         */","            onError(null, options);","        };","","        // run tests","        local.nop(local.modeTest &&","            document.querySelector('#testRunButton1') &&","            document.querySelector('#testRunButton1').click());","        break;","","","","    // run node js-env code - post-init","    /* istanbul ignore next */","    case 'node':","        local.testCase_buildApidoc_default = local.testCase_buildApidoc_default || function (","            options,","            onError","        ) {","        /*","         * this function will test buildApidoc's default handling-behavior-behavior","         */","            options = { modulePathList: module.paths };","            local.buildApidoc(options, onError);","        };","","        local.testCase_buildApp_default = local.testCase_buildApp_default || function (","            options,","            onError","        ) {","        /*","         * this function will test buildApp's default handling-behavior-behavior","         */","            local.testCase_buildReadme_default(options, local.onErrorThrow);","            local.testCase_buildLib_default(options, local.onErrorThrow);","            local.testCase_buildTest_default(options, local.onErrorThrow);","            local.testCase_buildCustomOrg_default(options, local.onErrorThrow);","            options = [];","            local.buildApp(options, onError);","        };","","        local.testCase_buildCustomOrg_default = local.testCase_buildCustomOrg_default ||","            function (options, onError) {","            /*","             * this function will test buildCustomOrg's default handling-behavior","             */","                options = {};","                local.buildCustomOrg(options, onError);","            };","","        local.testCase_buildLib_default = local.testCase_buildLib_default || function (","            options,","            onError","        ) {","        /*","         * this function will test buildLib's default handling-behavior","         */","            options = {};","            local.buildLib(options, onError);","        };","","        local.testCase_buildReadme_default = local.testCase_buildReadme_default || function (","            options,","            onError","        ) {","        /*","         * this function will test buildReadme's default handling-behavior-behavior","         */","            options = {};","            local.buildReadme(options, onError);","        };","","        local.testCase_buildTest_default = local.testCase_buildTest_default || function (","            options,","            onError","        ) {","        /*","         * this function will test buildTest's default handling-behavior","         */","            options = {};","            local.buildTest(options, onError);","        };","","        local.testCase_webpage_default = local.testCase_webpage_default || function (","            options,","            onError","        ) {","        /*","         * this function will test webpage's default handling-behavior","         */","            options = { modeCoverageMerge: true, url: local.serverLocalHost + '?modeTest=1' };","            local.browserTest(options, onError);","        };","","        // run test-server","        local.testRunServer(local);","        break;","    }","}());",""],"l":{"12":2,"14":2,"19":2,"21":2,"23":2,"24":2,"25":2,"30":1,"37":2,"40":2,"43":1,"47":1,"50":1,"52":1,"55":2,"61":2,"62":2,"64":2,"70":1,"76":1,"82":2,"83":2,"85":2,"91":1,"98":1,"102":1,"105":1,"112":1,"119":1,"120":1,"123":1,"130":1,"131":1,"132":1,"133":1,"134":1,"135":1,"138":1,"143":2,"144":2,"147":1,"154":2,"155":2,"158":1,"165":2,"166":2,"169":1,"176":2,"177":2,"180":1,"187":1,"188":1,"192":1,"193":1}},"/home/travis/build/npmtest/node-npmtest-voca/lib.npmtest_voca.js":{"path":"/home/travis/build/npmtest/node-npmtest-voca/lib.npmtest_voca.js","s":{"1":2,"2":2,"3":2,"4":2,"5":2,"6":2,"7":2,"8":1,"9":2,"10":2,"11":2,"12":2,"13":1,"14":1,"15":1,"16":1},"b":{"1":[2,1,1,1],"2":[1,1,1,1],"3":[1,1],"4":[2,2],"5":[1,1]},"f":{"1":2,"2":2,"3":2},"fnMap":{"1":{"name":"(anonymous_1)","line":12,"loc":{"start":{"line":12,"column":1},"end":{"line":12,"column":13}}},"2":{"name":"(anonymous_2)","line":19,"loc":{"start":{"line":19,"column":5},"end":{"line":19,"column":17}}},"3":{"name":"(anonymous_3)","line":23,"loc":{"start":{"line":23,"column":24},"end":{"line":23,"column":36}}}},"statementMap":{"1":{"start":{"line":12,"column":0},"end":{"line":53,"column":5}},"2":{"start":{"line":14,"column":4},"end":{"line":14,"column":14}},"3":{"start":{"line":19,"column":4},"end":{"line":52,"column":9}},"4":{"start":{"line":21,"column":8},"end":{"line":21,"column":19}},"5":{"start":{"line":23,"column":8},"end":{"line":35,"column":13}},"6":{"start":{"line":24,"column":12},"end":{"line":34,"column":13}},"7":{"start":{"line":25,"column":16},"end":{"line":28,"column":30}},"8":{"start":{"line":30,"column":16},"end":{"line":33,"column":27}},"9":{"start":{"line":37,"column":8},"end":{"line":39,"column":21}},"10":{"start":{"line":41,"column":8},"end":{"line":41,"column":54}},"11":{"start":{"line":43,"column":8},"end":{"line":43,"column":49}},"12":{"start":{"line":45,"column":8},"end":{"line":51,"column":9}},"13":{"start":{"line":46,"column":12},"end":{"line":46,"column":55}},"14":{"start":{"line":48,"column":12},"end":{"line":48,"column":35}},"15":{"start":{"line":49,"column":12},"end":{"line":49,"column":49}},"16":{"start":{"line":50,"column":12},"end":{"line":50,"column":43}}},"branchMap":{"1":{"line":25,"type":"binary-expr","locations":[{"start":{"line":25,"column":23},"end":{"line":25,"column":62}},{"start":{"line":26,"column":20},"end":{"line":26,"column":70}},{"start":{"line":27,"column":20},"end":{"line":27,"column":71}},{"start":{"line":28,"column":20},"end":{"line":28,"column":29}}]},"2":{"line":30,"type":"binary-expr","locations":[{"start":{"line":30,"column":23},"end":{"line":30,"column":37}},{"start":{"line":31,"column":20},"end":{"line":31,"column":61}},{"start":{"line":32,"column":20},"end":{"line":32,"column":70}},{"start":{"line":33,"column":20},"end":{"line":33,"column":26}}]},"3":{"line":37,"type":"cond-expr","locations":[{"start":{"line":38,"column":14},"end":{"line":38,"column":20}},{"start":{"line":39,"column":14},"end":{"line":39,"column":20}}]},"4":{"line":41,"type":"binary-expr","locations":[{"start":{"line":41,"column":16},"end":{"line":41,"column":44}},{"start":{"line":41,"column":48},"end":{"line":41,"column":53}}]},"5":{"line":45,"type":"if","locations":[{"start":{"line":45,"column":8},"end":{"line":45,"column":8}},{"start":{"line":45,"column":8},"end":{"line":45,"column":8}}]}},"code":["/* istanbul instrument in package npmtest_voca */","/*jslint","    bitwise: true,","    browser: true,","    maxerr: 8,","    maxlen: 96,","    node: true,","    nomen: true,","    regexp: true,","    stupid: true","*/","(function () {","    'use strict';","    var local;","","","","    // run shared js-env code - pre-init","    (function () {","        // init local","        local = {};","        // init modeJs","        local.modeJs = (function () {","            try {","                return typeof navigator.userAgent === 'string' &&","                    typeof document.querySelector('body') === 'object' &&","                    typeof XMLHttpRequest.prototype.open === 'function' &&","                    'browser';","            } catch (errorCaughtBrowser) {","                return module.exports &&","                    typeof process.versions.node === 'string' &&","                    typeof require('http').createServer === 'function' &&","                    'node';","            }","        }());","        // init global","        local.global = local.modeJs === 'browser'","            ? window","            : global;","        // init utility2_rollup","        local = local.global.utility2_rollup || local;","        // init lib","        local.local = local.npmtest_voca = local;","        // init exports","        if (local.modeJs === 'browser') {","            local.global.utility2_npmtest_voca = local;","        } else {","            module.exports = local;","            module.exports.__dirname = __dirname;","            module.exports.module = module;","        }","    }());","}());",""],"l":{"12":2,"14":2,"19":2,"21":2,"23":2,"24":2,"25":2,"30":1,"37":2,"41":2,"43":2,"45":2,"46":1,"48":1,"49":1,"50":1}},"/home/travis/build/npmtest/node-npmtest-voca/example.js":{"path":"/home/travis/build/npmtest/node-npmtest-voca/example.js","s":{"1":2,"2":2,"3":2,"4":2,"5":2,"6":2,"7":2,"8":1,"9":2,"10":2,"11":2,"12":2,"13":1,"14":2,"15":2,"16":2,"17":2,"18":2,"19":0,"20":2,"21":1,"22":1,"23":1,"24":1,"25":1,"26":0,"27":0,"28":1,"29":1,"30":2,"31":0,"32":0,"33":0,"34":1,"35":2,"36":2,"37":3,"38":3,"39":3,"40":3,"41":0,"42":3,"43":3,"44":3,"45":1,"46":3,"47":1,"48":1,"49":1,"50":1,"51":1,"52":1,"53":1,"54":1,"55":1,"56":1,"57":0,"58":1,"59":6,"60":6,"61":1,"62":2,"63":0,"64":2,"65":1,"66":1,"67":0,"68":0,"69":0,"70":0,"71":0,"72":0,"73":0,"74":0,"75":0,"76":0,"77":0,"78":0,"79":0,"80":0,"81":0,"82":0,"83":0},"b":{"1":[2,1,1,1],"2":[1,1,1,1],"3":[1,1],"4":[2,2],"5":[1,1],"6":[1,1],"7":[2,0],"8":[2,1,1,1,1,1],"9":[0,2,0],"10":[1,1],"11":[2,1,1],"12":[1,0],"13":[0,2],"14":[2,0,0,0,0,0,0],"15":[0,3],"16":[3,0],"17":[1,1],"18":[0,1],"19":[1,2,0,2],"20":[1,0],"21":[1,1],"22":[0,0],"23":[0,0],"24":[0,0],"25":[0,0],"26":[0,0],"27":[0,0],"28":[0,0]},"f":{"1":2,"2":2,"3":2,"4":2,"5":2,"6":2,"7":3,"8":3,"9":3,"10":1,"11":6,"12":0},"fnMap":{"1":{"name":"(anonymous_1)","line":26,"loc":{"start":{"line":26,"column":1},"end":{"line":26,"column":13}}},"2":{"name":"(anonymous_2)","line":33,"loc":{"start":{"line":33,"column":5},"end":{"line":33,"column":17}}},"3":{"name":"(anonymous_3)","line":37,"loc":{"start":{"line":37,"column":24},"end":{"line":37,"column":36}}},"4":{"name":"(anonymous_4)","line":69,"loc":{"start":{"line":69,"column":31},"end":{"line":69,"column":48}},"skip":true},"5":{"name":"(anonymous_5)","line":78,"loc":{"start":{"line":78,"column":26},"end":{"line":78,"column":45}},"skip":true},"6":{"name":"(anonymous_6)","line":123,"loc":{"start":{"line":123,"column":33},"end":{"line":123,"column":48}},"skip":true},"7":{"name":"(anonymous_7)","line":125,"loc":{"start":{"line":125,"column":27},"end":{"line":125,"column":39}},"skip":true},"8":{"name":"(anonymous_8)","line":133,"loc":{"start":{"line":133,"column":59},"end":{"line":133,"column":74}},"skip":true},"9":{"name":"(anonymous_9)","line":143,"loc":{"start":{"line":143,"column":45},"end":{"line":143,"column":62}},"skip":true},"10":{"name":"(anonymous_10)","line":144,"loc":{"start":{"line":144,"column":73},"end":{"line":144,"column":92}},"skip":true},"11":{"name":"(anonymous_11)","line":272,"loc":{"start":{"line":272,"column":51},"end":{"line":272,"column":77}},"skip":true},"12":{"name":"(anonymous_12)","line":315,"loc":{"start":{"line":315,"column":32},"end":{"line":315,"column":61}},"skip":true}},"statementMap":{"1":{"start":{"line":26,"column":0},"end":{"line":326,"column":5}},"2":{"start":{"line":28,"column":4},"end":{"line":28,"column":14}},"3":{"start":{"line":33,"column":4},"end":{"line":60,"column":9}},"4":{"start":{"line":35,"column":8},"end":{"line":35,"column":19}},"5":{"start":{"line":37,"column":8},"end":{"line":49,"column":13}},"6":{"start":{"line":38,"column":12},"end":{"line":48,"column":13}},"7":{"start":{"line":39,"column":16},"end":{"line":42,"column":30}},"8":{"start":{"line":44,"column":16},"end":{"line":47,"column":27}},"9":{"start":{"line":51,"column":8},"end":{"line":53,"column":21}},"10":{"start":{"line":55,"column":8},"end":{"line":57,"column":45}},"11":{"start":{"line":59,"column":8},"end":{"line":59,"column":35}},"12":{"start":{"line":61,"column":4},"end":{"line":325,"column":5}},"13":{"start":{"line":69,"column":8},"end":{"line":121,"column":10},"skip":true},"14":{"start":{"line":70,"column":12},"end":{"line":88,"column":13},"skip":true},"15":{"start":{"line":76,"column":16},"end":{"line":87,"column":19},"skip":true},"16":{"start":{"line":79,"column":20},"end":{"line":86,"column":21},"skip":true},"17":{"start":{"line":82,"column":24},"end":{"line":82,"column":43},"skip":true},"18":{"start":{"line":83,"column":24},"end":{"line":83,"column":30},"skip":true},"19":{"start":{"line":85,"column":24},"end":{"line":85,"column":49},"skip":true},"20":{"start":{"line":89,"column":12},"end":{"line":107,"column":13},"skip":true},"21":{"start":{"line":92,"column":16},"end":{"line":102,"column":17},"skip":true},"22":{"start":{"line":93,"column":20},"end":{"line":93,"column":86},"skip":true},"23":{"start":{"line":94,"column":20},"end":{"line":95,"column":45},"skip":true},"24":{"start":{"line":96,"column":20},"end":{"line":96,"column":42},"skip":true},"25":{"start":{"line":97,"column":20},"end":{"line":97,"column":48},"skip":true},"26":{"start":{"line":100,"column":20},"end":{"line":100,"column":85},"skip":true},"27":{"start":{"line":101,"column":20},"end":{"line":101,"column":96},"skip":true},"28":{"start":{"line":103,"column":16},"end":{"line":103,"column":22},"skip":true},"29":{"start":{"line":106,"column":16},"end":{"line":106,"column":22},"skip":true},"30":{"start":{"line":108,"column":12},"end":{"line":120,"column":13},"skip":true},"31":{"start":{"line":114,"column":16},"end":{"line":119,"column":17},"skip":true},"32":{"start":{"line":116,"column":20},"end":{"line":116,"column":78},"skip":true},"33":{"start":{"line":118,"column":20},"end":{"line":118,"column":47},"skip":true},"34":{"start":{"line":123,"column":8},"end":{"line":141,"column":11},"skip":true},"35":{"start":{"line":124,"column":12},"end":{"line":124,"column":54},"skip":true},"36":{"start":{"line":125,"column":12},"end":{"line":140,"column":14},"skip":true},"37":{"start":{"line":126,"column":16},"end":{"line":126,"column":28},"skip":true},"38":{"start":{"line":127,"column":16},"end":{"line":127,"column":69},"skip":true},"39":{"start":{"line":128,"column":16},"end":{"line":128,"column":75},"skip":true},"40":{"start":{"line":129,"column":16},"end":{"line":131,"column":17},"skip":true},"41":{"start":{"line":130,"column":20},"end":{"line":130,"column":27},"skip":true},"42":{"start":{"line":133,"column":16},"end":{"line":137,"column":36},"skip":true},"43":{"start":{"line":134,"column":20},"end":{"line":136,"column":55},"skip":true},"44":{"start":{"line":139,"column":16},"end":{"line":139,"column":57},"skip":true},"45":{"start":{"line":143,"column":8},"end":{"line":147,"column":11},"skip":true},"46":{"start":{"line":144,"column":12},"end":{"line":146,"column":15},"skip":true},"47":{"start":{"line":145,"column":16},"end":{"line":145,"column":70},"skip":true},"48":{"start":{"line":149,"column":8},"end":{"line":149,"column":31},"skip":true},"49":{"start":{"line":150,"column":8},"end":{"line":150,"column":14},"skip":true},"50":{"start":{"line":158,"column":8},"end":{"line":158,"column":31},"skip":true},"51":{"start":{"line":160,"column":8},"end":{"line":160,"column":33},"skip":true},"52":{"start":{"line":161,"column":8},"end":{"line":161,"column":37},"skip":true},"53":{"start":{"line":162,"column":8},"end":{"line":162,"column":35},"skip":true},"54":{"start":{"line":164,"column":8},"end":{"line":164,"column":50},"skip":true},"55":{"start":{"line":166,"column":8},"end":{"line":256,"column":2},"skip":true},"56":{"start":{"line":258,"column":8},"end":{"line":286,"column":9},"skip":true},"57":{"start":{"line":259,"column":12},"end":{"line":269,"column":14},"skip":true},"58":{"start":{"line":271,"column":12},"end":{"line":285,"column":19},"skip":true},"59":{"start":{"line":274,"column":20},"end":{"line":274,"column":35},"skip":true},"60":{"start":{"line":275,"column":20},"end":{"line":284,"column":21},"skip":true},"61":{"start":{"line":277,"column":24},"end":{"line":277,"column":64},"skip":true},"62":{"start":{"line":279,"column":24},"end":{"line":279,"column":40},"skip":true},"63":{"start":{"line":281,"column":24},"end":{"line":281,"column":40},"skip":true},"64":{"start":{"line":283,"column":24},"end":{"line":283,"column":39},"skip":true},"65":{"start":{"line":288,"column":8},"end":{"line":290,"column":9},"skip":true},"66":{"start":{"line":289,"column":12},"end":{"line":289,"column":18},"skip":true},"67":{"start":{"line":291,"column":8},"end":{"line":293,"column":54},"skip":true},"68":{"start":{"line":296,"column":8},"end":{"line":301,"column":37},"skip":true},"69":{"start":{"line":303,"column":8},"end":{"line":303,"column":82},"skip":true},"70":{"start":{"line":306,"column":8},"end":{"line":308,"column":9},"skip":true},"71":{"start":{"line":307,"column":12},"end":{"line":307,"column":82},"skip":true},"72":{"start":{"line":310,"column":8},"end":{"line":312,"column":9},"skip":true},"73":{"start":{"line":311,"column":12},"end":{"line":311,"column":18},"skip":true},"74":{"start":{"line":313,"column":8},"end":{"line":313,"column":54},"skip":true},"75":{"start":{"line":314,"column":8},"end":{"line":314,"column":69},"skip":true},"76":{"start":{"line":315,"column":8},"end":{"line":323,"column":36},"skip":true},"77":{"start":{"line":316,"column":12},"end":{"line":316,"column":61},"skip":true},"78":{"start":{"line":317,"column":12},"end":{"line":320,"column":13},"skip":true},"79":{"start":{"line":318,"column":16},"end":{"line":318,"column":75},"skip":true},"80":{"start":{"line":319,"column":16},"end":{"line":319,"column":23},"skip":true},"81":{"start":{"line":321,"column":12},"end":{"line":321,"column":38},"skip":true},"82":{"start":{"line":322,"column":12},"end":{"line":322,"column":27},"skip":true},"83":{"start":{"line":324,"column":8},"end":{"line":324,"column":14},"skip":true}},"branchMap":{"1":{"line":39,"type":"binary-expr","locations":[{"start":{"line":39,"column":23},"end":{"line":39,"column":62}},{"start":{"line":40,"column":20},"end":{"line":40,"column":70}},{"start":{"line":41,"column":20},"end":{"line":41,"column":71}},{"start":{"line":42,"column":20},"end":{"line":42,"column":29}}]},"2":{"line":44,"type":"binary-expr","locations":[{"start":{"line":44,"column":23},"end":{"line":44,"column":37}},{"start":{"line":45,"column":20},"end":{"line":45,"column":61}},{"start":{"line":46,"column":20},"end":{"line":46,"column":70}},{"start":{"line":47,"column":20},"end":{"line":47,"column":26}}]},"3":{"line":51,"type":"cond-expr","locations":[{"start":{"line":52,"column":14},"end":{"line":52,"column":20}},{"start":{"line":53,"column":14},"end":{"line":53,"column":20}}]},"4":{"line":55,"type":"binary-expr","locations":[{"start":{"line":55,"column":16},"end":{"line":55,"column":44}},{"start":{"line":55,"column":49},"end":{"line":57,"column":43}}]},"5":{"line":55,"type":"cond-expr","locations":[{"start":{"line":56,"column":14},"end":{"line":56,"column":48}},{"start":{"line":57,"column":14},"end":{"line":57,"column":43}}]},"6":{"line":61,"type":"switch","locations":[{"start":{"line":68,"column":4},"end":{"line":150,"column":14},"skip":true},{"start":{"line":156,"column":4},"end":{"line":324,"column":14},"skip":true}]},"7":{"line":70,"type":"if","locations":[{"start":{"line":70,"column":12},"end":{"line":70,"column":12},"skip":true},{"start":{"line":70,"column":12},"end":{"line":70,"column":12},"skip":true}]},"8":{"line":70,"type":"binary-expr","locations":[{"start":{"line":70,"column":16},"end":{"line":70,"column":22},"skip":true},{"start":{"line":70,"column":27},"end":{"line":70,"column":32},"skip":true},{"start":{"line":71,"column":20},"end":{"line":71,"column":39},"skip":true},{"start":{"line":72,"column":20},"end":{"line":72,"column":49},"skip":true},{"start":{"line":73,"column":20},"end":{"line":73,"column":58},"skip":true},{"start":{"line":74,"column":20},"end":{"line":74,"column":69},"skip":true}]},"9":{"line":79,"type":"switch","locations":[{"start":{"line":80,"column":20},"end":{"line":80,"column":33},"skip":true},{"start":{"line":81,"column":20},"end":{"line":83,"column":30},"skip":true},{"start":{"line":84,"column":20},"end":{"line":85,"column":49},"skip":true}]},"10":{"line":89,"type":"switch","locations":[{"start":{"line":90,"column":12},"end":{"line":103,"column":22},"skip":true},{"start":{"line":105,"column":12},"end":{"line":106,"column":22},"skip":true}]},"11":{"line":89,"type":"binary-expr","locations":[{"start":{"line":89,"column":20},"end":{"line":89,"column":25},"skip":true},{"start":{"line":89,"column":29},"end":{"line":89,"column":48},"skip":true},{"start":{"line":89,"column":52},"end":{"line":89,"column":74},"skip":true}]},"12":{"line":92,"type":"if","locations":[{"start":{"line":92,"column":16},"end":{"line":92,"column":16},"skip":true},{"start":{"line":92,"column":16},"end":{"line":92,"column":16},"skip":true}]},"13":{"line":108,"type":"if","locations":[{"start":{"line":108,"column":12},"end":{"line":108,"column":12},"skip":true},{"start":{"line":108,"column":12},"end":{"line":108,"column":12},"skip":true}]},"14":{"line":108,"type":"binary-expr","locations":[{"start":{"line":108,"column":16},"end":{"line":108,"column":61},"skip":true},{"start":{"line":108,"column":66},"end":{"line":108,"column":72},"skip":true},{"start":{"line":108,"column":77},"end":{"line":108,"column":82},"skip":true},{"start":{"line":109,"column":20},"end":{"line":109,"column":39},"skip":true},{"start":{"line":110,"column":20},"end":{"line":110,"column":49},"skip":true},{"start":{"line":111,"column":20},"end":{"line":111,"column":58},"skip":true},{"start":{"line":112,"column":20},"end":{"line":112,"column":68},"skip":true}]},"15":{"line":129,"type":"if","locations":[{"start":{"line":129,"column":16},"end":{"line":129,"column":16},"skip":true},{"start":{"line":129,"column":16},"end":{"line":129,"column":16},"skip":true}]},"16":{"line":134,"type":"cond-expr","locations":[{"start":{"line":135,"column":26},"end":{"line":135,"column":29},"skip":true},{"start":{"line":136,"column":26},"end":{"line":136,"column":54},"skip":true}]},"17":{"line":164,"type":"binary-expr","locations":[{"start":{"line":164,"column":27},"end":{"line":164,"column":43},"skip":true},{"start":{"line":164,"column":47},"end":{"line":164,"column":49},"skip":true}]},"18":{"line":258,"type":"if","locations":[{"start":{"line":258,"column":8},"end":{"line":258,"column":8},"skip":true},{"start":{"line":258,"column":8},"end":{"line":258,"column":8},"skip":true}]},"19":{"line":275,"type":"switch","locations":[{"start":{"line":276,"column":20},"end":{"line":277,"column":64},"skip":true},{"start":{"line":278,"column":20},"end":{"line":279,"column":40},"skip":true},{"start":{"line":280,"column":20},"end":{"line":281,"column":40},"skip":true},{"start":{"line":282,"column":20},"end":{"line":283,"column":39},"skip":true}]},"20":{"line":288,"type":"if","locations":[{"start":{"line":288,"column":8},"end":{"line":288,"column":8},"skip":true},{"start":{"line":288,"column":8},"end":{"line":288,"column":8},"skip":true}]},"21":{"line":288,"type":"binary-expr","locations":[{"start":{"line":288,"column":12},"end":{"line":288,"column":40},"skip":true},{"start":{"line":288,"column":44},"end":{"line":288,"column":67},"skip":true}]},"22":{"line":292,"type":"binary-expr","locations":[{"start":{"line":292,"column":12},"end":{"line":292,"column":50},"skip":true},{"start":{"line":293,"column":12},"end":{"line":293,"column":53},"skip":true}]},"23":{"line":297,"type":"binary-expr","locations":[{"start":{"line":297,"column":12},"end":{"line":297,"column":62},"skip":true},{"start":{"line":298,"column":12},"end":{"line":301,"column":36},"skip":true}]},"24":{"line":303,"type":"binary-expr","locations":[{"start":{"line":303,"column":43},"end":{"line":303,"column":75},"skip":true},{"start":{"line":303,"column":79},"end":{"line":303,"column":81},"skip":true}]},"25":{"line":306,"type":"if","locations":[{"start":{"line":306,"column":8},"end":{"line":306,"column":8},"skip":true},{"start":{"line":306,"column":8},"end":{"line":306,"column":8},"skip":true}]},"26":{"line":310,"type":"if","locations":[{"start":{"line":310,"column":8},"end":{"line":310,"column":8},"skip":true},{"start":{"line":310,"column":8},"end":{"line":310,"column":8},"skip":true}]},"27":{"line":313,"type":"binary-expr","locations":[{"start":{"line":313,"column":27},"end":{"line":313,"column":43},"skip":true},{"start":{"line":313,"column":47},"end":{"line":313,"column":53},"skip":true}]},"28":{"line":317,"type":"if","locations":[{"start":{"line":317,"column":12},"end":{"line":317,"column":12},"skip":true},{"start":{"line":317,"column":12},"end":{"line":317,"column":12},"skip":true}]}},"code":["/*","example.js","","quickstart example","","instruction","    1. save this script as example.js","    2. run the shell command:","        $ npm install npmtest-voca && PORT=8081 node example.js","    3. play with the browser-demo on http://127.0.0.1:8081","*/","","","","/* istanbul instrument in package npmtest_voca */","/*jslint","    bitwise: true,","    browser: true,","    maxerr: 8,","    maxlen: 96,","    node: true,","    nomen: true,","    regexp: true,","    stupid: true","*/","(function () {","    'use strict';","    var local;","","","","    // run shared js-env code - pre-init","    (function () {","        // init local","        local = {};","        // init modeJs","        local.modeJs = (function () {","            try {","                return typeof navigator.userAgent === 'string' &&","                    typeof document.querySelector('body') === 'object' &&","                    typeof XMLHttpRequest.prototype.open === 'function' &&","                    'browser';","            } catch (errorCaughtBrowser) {","                return module.exports &&","                    typeof process.versions.node === 'string' &&","                    typeof require('http').createServer === 'function' &&","                    'node';","            }","        }());","        // init global","        local.global = local.modeJs === 'browser'","            ? window","            : global;","        // init utility2_rollup","        local = local.global.utility2_rollup || (local.modeJs === 'browser'","            ? local.global.utility2_npmtest_voca","            : global.utility2_moduleExports);","        // export local","        local.global.local = local;","    }());","    switch (local.modeJs) {","","","","    // post-init","    // run browser js-env code - post-init","    /* istanbul ignore next */","    case 'browser':","        local.testRunBrowser = function (event) {","            if (!event || (event &&","                    event.currentTarget &&","                    event.currentTarget.className &&","                    event.currentTarget.className.includes &&","                    event.currentTarget.className.includes('onreset'))) {","                // reset output","                Array.from(","                    document.querySelectorAll('body > .resettable')","                ).forEach(function (element) {","                    switch (element.tagName) {","                    case 'INPUT':","                    case 'TEXTAREA':","                        element.value = '';","                        break;","                    default:","                        element.textContent = '';","                    }","                });","            }","            switch (event && event.currentTarget && event.currentTarget.id) {","            case 'testRunButton1':","                // show tests","                if (document.querySelector('#testReportDiv1').style.display === 'none') {","                    document.querySelector('#testReportDiv1').style.display = 'block';","                    document.querySelector('#testRunButton1').textContent =","                        'hide internal test';","                    local.modeTest = true;","                    local.testRunDefault(local);","                // hide tests","                } else {","                    document.querySelector('#testReportDiv1').style.display = 'none';","                    document.querySelector('#testRunButton1').textContent = 'run internal test';","                }","                break;","            // custom-case","            default:","                break;","            }","            if (document.querySelector('#inputTextareaEval1') && (!event || (event &&","                    event.currentTarget &&","                    event.currentTarget.className &&","                    event.currentTarget.className.includes &&","                    event.currentTarget.className.includes('oneval')))) {","                // try to eval input-code","                try {","                    /*jslint evil: true*/","                    eval(document.querySelector('#inputTextareaEval1').value);","                } catch (errorCaught) {","                    console.error(errorCaught);","                }","            }","        };","        // log stderr and stdout to #outputTextareaStdout1","        ['error', 'log'].forEach(function (key) {","            console[key + '_original'] = console[key];","            console[key] = function () {","                var element;","                console[key + '_original'].apply(console, arguments);","                element = document.querySelector('#outputTextareaStdout1');","                if (!element) {","                    return;","                }","                // append text to #outputTextareaStdout1","                element.value += Array.from(arguments).map(function (arg) {","                    return typeof arg === 'string'","                        ? arg","                        : JSON.stringify(arg, null, 4);","                }).join(' ') + '\\n';","                // scroll textarea to bottom","                element.scrollTop = element.scrollHeight;","            };","        });","        // init event-handling","        ['change', 'click', 'keyup'].forEach(function (event) {","            Array.from(document.querySelectorAll('.on' + event)).forEach(function (element) {","                element.addEventListener(event, local.testRunBrowser);","            });","        });","        // run tests","        local.testRunBrowser();","        break;","","","","    // run node js-env code - post-init","    /* istanbul ignore next */","    case 'node':","        // export local","        module.exports = local;","        // require modules","        local.fs = require('fs');","        local.http = require('http');","        local.url = require('url');","        // init assets","        local.assetsDict = local.assetsDict || {};","        /* jslint-ignore-begin */","        local.assetsDict['/assets.index.template.html'] = '\\","<!doctype html>\\n\\","<html lang=\"en\">\\n\\","<head>\\n\\","<meta charset=\"UTF-8\">\\n\\","<meta name=\"viewport\" content=\"width=device-width, initial-scale=1\">\\n\\","<title>{{env.npm_package_name}} (v{{env.npm_package_version}})</title>\\n\\","<style>\\n\\","/*csslint\\n\\","    box-sizing: false,\\n\\","    universal-selector: false\\n\\","*/\\n\\","* {\\n\\","    box-sizing: border-box;\\n\\","}\\n\\","body {\\n\\","    background: #dde;\\n\\","    font-family: Arial, Helvetica, sans-serif;\\n\\","    margin: 2rem;\\n\\","}\\n\\","body > * {\\n\\","    margin-bottom: 1rem;\\n\\","}\\n\\",".utility2FooterDiv {\\n\\","    margin-top: 20px;\\n\\","    text-align: center;\\n\\","}\\n\\","</style>\\n\\","<style>\\n\\","/*csslint\\n\\","*/\\n\\","textarea {\\n\\","    font-family: monospace;\\n\\","    height: 10rem;\\n\\","    width: 100%;\\n\\","}\\n\\","textarea[readonly] {\\n\\","    background: #ddd;\\n\\","}\\n\\","</style>\\n\\","</head>\\n\\","<body>\\n\\","<!-- utility2-comment\\n\\","<div id=\"ajaxProgressDiv1\" style=\"background: #d00; height: 2px; left: 0; margin: 0; padding: 0; position: fixed; top: 0; transition: background 0.5s, width 1.5s; width: 25%;\"></div>\\n\\","utility2-comment -->\\n\\","<h1>\\n\\","<!-- utility2-comment\\n\\","    <a\\n\\","        {{#if env.npm_package_homepage}}\\n\\","        href=\"{{env.npm_package_homepage}}\"\\n\\","        {{/if env.npm_package_homepage}}\\n\\","        target=\"_blank\"\\n\\","    >\\n\\","utility2-comment -->\\n\\","        {{env.npm_package_name}} (v{{env.npm_package_version}})\\n\\","<!-- utility2-comment\\n\\","    </a>\\n\\","utility2-comment -->\\n\\","</h1>\\n\\","<h3>{{env.npm_package_description}}</h3>\\n\\","<!-- utility2-comment\\n\\","<h4><a download href=\"assets.app.js\">download standalone app</a></h4>\\n\\","<button class=\"onclick onreset\" id=\"testRunButton1\">run internal test</button><br>\\n\\","<div id=\"testReportDiv1\" style=\"display: none;\"></div>\\n\\","utility2-comment -->\\n\\","\\n\\","\\n\\","\\n\\","<label>stderr and stdout</label>\\n\\","<textarea class=\"resettable\" id=\"outputTextareaStdout1\" readonly></textarea>\\n\\","<!-- utility2-comment\\n\\","{{#if isRollup}}\\n\\","<script src=\"assets.app.js\"></script>\\n\\","{{#unless isRollup}}\\n\\","utility2-comment -->\\n\\","<script src=\"assets.utility2.rollup.js\"></script>\\n\\","<script src=\"jsonp.utility2._stateInit?callback=window.utility2._stateInit\"></script>\\n\\","<script src=\"assets.npmtest_voca.rollup.js\"></script>\\n\\","<script src=\"assets.example.js\"></script>\\n\\","<script src=\"assets.test.js\"></script>\\n\\","<!-- utility2-comment\\n\\","{{/if isRollup}}\\n\\","utility2-comment -->\\n\\","<div class=\"utility2FooterDiv\">\\n\\","    [ this app was created with\\n\\","    <a href=\"https://github.com/kaizhu256/node-utility2\" target=\"_blank\">utility2</a>\\n\\","    ]\\n\\","</div>\\n\\","</body>\\n\\","</html>\\n\\","';","        /* jslint-ignore-end */","        if (local.templateRender) {","            local.assetsDict['/'] = local.templateRender(","                local.assetsDict['/assets.index.template.html'],","                {","                    env: local.objectSetDefault(local.env, {","                        npm_package_description: 'the greatest app in the world!',","                        npm_package_name: 'my-app',","                        npm_package_nameAlias: 'my_app',","                        npm_package_version: '0.0.1'","                    })","                }","            );","        } else {","            local.assetsDict['/'] = local.assetsDict['/assets.index.template.html']","                .replace((/\\{\\{env\\.(\\w+?)\\}\\}/g), function (match0, match1) {","                    // jslint-hack","                    String(match0);","                    switch (match1) {","                    case 'npm_package_description':","                        return 'the greatest app in the world!';","                    case 'npm_package_name':","                        return 'my-app';","                    case 'npm_package_nameAlias':","                        return 'my_app';","                    case 'npm_package_version':","                        return '0.0.1';","                    }","                });","        }","        // run the cli","        if (local.global.utility2_rollup || module !== require.main) {","            break;","        }","        local.assetsDict['/assets.example.js'] =","            local.assetsDict['/assets.example.js'] ||","            local.fs.readFileSync(__filename, 'utf8');","        // bug-workaround - long $npm_package_buildCustomOrg","        /* jslint-ignore-begin */","        local.assetsDict['/assets.npmtest_voca.rollup.js'] =","            local.assetsDict['/assets.npmtest_voca.rollup.js'] ||","            local.fs.readFileSync(","                local.npmtest_voca.__dirname + '/lib.npmtest_voca.js',","                'utf8'","            ).replace((/^#!/), '//');","        /* jslint-ignore-end */","        local.assetsDict['/favicon.ico'] = local.assetsDict['/favicon.ico'] || '';","        // if $npm_config_timeout_exit exists,","        // then exit this process after $npm_config_timeout_exit ms","        if (Number(process.env.npm_config_timeout_exit)) {","            setTimeout(process.exit, Number(process.env.npm_config_timeout_exit));","        }","        // start server","        if (local.global.utility2_serverHttp1) {","            break;","        }","        process.env.PORT = process.env.PORT || '8081';","        console.error('server starting on port ' + process.env.PORT);","        local.http.createServer(function (request, response) {","            request.urlParsed = local.url.parse(request.url);","            if (local.assetsDict[request.urlParsed.pathname] !== undefined) {","                response.end(local.assetsDict[request.urlParsed.pathname]);","                return;","            }","            response.statusCode = 404;","            response.end();","        }).listen(process.env.PORT);","        break;","    }","}());",""],"l":{"26":2,"28":2,"33":2,"35":2,"37":2,"38":2,"39":2,"44":1,"51":2,"55":2,"59":2,"61":2,"69":1,"70":2,"76":2,"79":2,"82":2,"83":2,"85":1,"89":2,"92":1,"93":1,"94":1,"96":1,"97":1,"100":1,"101":1,"103":1,"106":1,"108":2,"114":1,"116":1,"118":1,"123":1,"124":2,"125":2,"126":3,"127":3,"128":3,"129":3,"130":1,"133":3,"134":3,"139":3,"143":1,"144":3,"145":1,"149":1,"150":1,"158":1,"160":1,"161":1,"162":1,"164":1,"166":1,"258":1,"259":1,"271":1,"274":6,"275":6,"277":1,"279":2,"281":1,"283":2,"288":1,"289":1,"291":1,"296":1,"303":1,"306":1,"307":1,"310":1,"311":1,"313":1,"314":1,"315":1,"316":1,"317":1,"318":1,"319":1,"321":1,"322":1,"324":1}},"/home/travis/build/npmtest/node-npmtest-voca/node_modules/voca/index.js":{"path":"/home/travis/build/npmtest/node-npmtest-voca/node_modules/voca/index.js","s":{"1":1,"2":1,"3":1,"4":0,"5":1,"6":0,"7":0,"8":0,"9":0,"10":1,"11":0,"12":1,"13":0,"14":0,"15":0,"16":0,"17":0,"18":0,"19":1,"20":0,"21":0,"22":0,"23":0,"24":0,"25":0,"26":0,"27":1,"28":0,"29":0,"30":1,"31":1,"32":1,"33":1,"34":1,"35":1,"36":1,"37":1,"38":1,"39":1,"40":1,"41":1,"42":1,"43":1,"44":1,"45":1,"46":1,"47":1,"48":1,"49":1,"50":1,"51":1,"52":1,"53":1,"54":1,"55":1,"56":1,"57":1,"58":1,"59":1,"60":1,"61":0,"62":1,"63":0,"64":0,"65":0,"66":0,"67":0,"68":1,"69":0,"70":0,"71":0,"72":0,"73":0,"74":0,"75":0,"76":0,"77":0,"78":1,"79":0,"80":1,"81":0,"82":0,"83":0,"84":0,"85":1,"86":0,"87":0,"88":0,"89":0,"90":1,"91":0,"92":0,"93":0,"94":0,"95":1,"96":0,"97":0,"98":0,"99":0,"100":1,"101":0,"102":0,"103":1,"104":0,"105":0,"106":1,"107":0,"108":0,"109":0,"110":1,"111":0,"112":0,"113":0,"114":0,"115":0,"116":0,"117":1,"118":0,"119":0,"120":0,"121":0,"122":0,"123":1,"124":1,"125":0,"126":0,"127":0,"128":0,"129":0,"130":1,"131":0,"132":0,"133":0,"134":0,"135":0,"136":0,"137":1,"138":0,"139":0,"140":1,"141":1,"142":1,"143":1,"144":1,"145":0,"146":1,"147":0,"148":1,"149":0,"150":1,"151":0,"152":0,"153":0,"154":0,"155":0,"156":0,"157":1,"158":0,"159":1,"160":0,"161":0,"162":0,"163":0,"164":0,"165":0,"166":0,"167":0,"168":0,"169":0,"170":0,"171":0,"172":0,"173":1,"174":0,"175":0,"176":0,"177":0,"178":0,"179":1,"180":0,"181":0,"182":0,"183":0,"184":0,"185":0,"186":0,"187":0,"188":0,"189":0,"190":0,"191":1,"192":0,"193":0,"194":0,"195":0,"196":0,"197":1,"198":0,"199":0,"200":0,"201":0,"202":0,"203":0,"204":0,"205":0,"206":0,"207":0,"208":0,"209":0,"210":1,"211":0,"212":1,"213":0,"214":1,"215":0,"216":1,"217":0,"218":1,"219":0,"220":1,"221":0,"222":0,"223":0,"224":0,"225":0,"226":0,"227":0,"228":0,"229":0,"230":0,"231":0,"232":0,"233":0,"234":1,"235":1,"236":0,"237":0,"238":0,"239":0,"240":0,"241":0,"242":1,"243":0,"244":1,"245":0,"246":1,"247":0,"248":1,"249":0,"250":0,"251":1,"252":0,"253":1,"254":1,"255":0,"256":0,"257":0,"258":0,"259":0,"260":0,"261":0,"262":0,"263":0,"264":0,"265":1,"266":0,"267":0,"268":0,"269":1,"270":0,"271":0,"272":0,"273":0,"274":0,"275":0,"276":1,"277":0,"278":0,"279":0,"280":0,"281":0,"282":0,"283":1,"284":0,"285":0,"286":0,"287":0,"288":0,"289":1,"290":0,"291":0,"292":0,"293":1,"294":0,"295":0,"296":0,"297":0,"298":0,"299":0,"300":0,"301":0,"302":0,"303":0,"304":0,"305":0,"306":0,"307":0,"308":0,"309":0,"310":1,"311":0,"312":0,"313":0,"314":0,"315":0,"316":0,"317":0,"318":1,"319":0,"320":0,"321":0,"322":0,"323":0,"324":0,"325":0,"326":0,"327":0,"328":0,"329":0,"330":0,"331":0,"332":0,"333":0,"334":0,"335":1,"336":0,"337":0,"338":0,"339":0,"340":1,"341":0,"342":0,"343":0,"344":0,"345":0,"346":1,"347":0,"348":0,"349":0,"350":0,"351":0,"352":0,"353":0,"354":0,"355":0,"356":0,"357":0,"358":0,"359":1,"360":0,"361":0,"362":0,"363":0,"364":0,"365":0,"366":0,"367":1,"368":0,"369":1,"370":0,"371":0,"372":0,"373":0,"374":1,"375":0,"376":0,"377":0,"378":0,"379":0,"380":0,"381":1,"382":0,"383":0,"384":0,"385":0,"386":0,"387":0,"388":0,"389":1,"390":0,"391":0,"392":0,"393":0,"394":0,"395":0,"396":0,"397":1,"398":0,"399":0,"400":0,"401":0,"402":0,"403":1,"404":0,"405":1,"406":1,"407":0,"408":1,"409":0,"410":1,"411":0,"412":1,"413":1,"414":1,"415":0,"416":1,"417":0,"418":0,"419":1,"420":0,"421":0,"422":1,"423":0,"424":0,"425":1,"426":0,"427":0,"428":0,"429":0,"430":0,"431":0,"432":1,"433":0,"434":0,"435":0,"436":0,"437":0,"438":0,"439":1,"440":1,"441":1,"442":0,"443":0,"444":0,"445":0,"446":0,"447":0,"448":0,"449":0,"450":0,"451":1,"452":0,"453":0,"454":1,"455":0,"456":1,"457":0,"458":0,"459":0,"460":0,"461":1,"462":0,"463":0,"464":0,"465":0,"466":0,"467":0,"468":0,"469":0,"470":0,"471":1,"472":0,"473":0,"474":1,"475":0,"476":1,"477":0,"478":0,"479":0,"480":0,"481":0,"482":0,"483":0,"484":0,"485":1,"486":0,"487":0,"488":0,"489":0,"490":1,"491":0,"492":0,"493":0,"494":0,"495":0,"496":0,"497":0,"498":1,"499":0,"500":0,"501":1,"502":0,"503":0,"504":0,"505":0,"506":0,"507":0,"508":0,"509":0,"510":1,"511":0,"512":0,"513":0,"514":0,"515":0,"516":1,"517":0,"518":0,"519":0,"520":0,"521":0,"522":0,"523":0,"524":0,"525":0,"526":0,"527":0,"528":0,"529":0,"530":1,"531":1,"532":0,"533":0,"534":0,"535":0,"536":0,"537":0,"538":0,"539":0,"540":0,"541":0,"542":0,"543":0,"544":0,"545":0,"546":0,"547":0,"548":0,"549":1,"550":0,"551":0,"552":0,"553":0,"554":0,"555":1,"556":0,"557":0,"558":0,"559":0,"560":0,"561":0,"562":0,"563":0,"564":0,"565":0,"566":0,"567":0,"568":0,"569":0,"570":0,"571":0,"572":0,"573":0,"574":0,"575":0,"576":0,"577":0,"578":0,"579":0,"580":0,"581":0,"582":0,"583":1,"584":0,"585":0,"586":0,"587":0,"588":1,"589":0,"590":0,"591":0,"592":1,"593":1,"594":0,"595":0,"596":0,"597":0,"598":0,"599":0,"600":0,"601":0,"602":0,"603":0,"604":0,"605":0,"606":1,"607":1,"608":0,"609":0,"610":0,"611":0,"612":0,"613":0,"614":0,"615":0,"616":0,"617":0,"618":0,"619":0,"620":1,"621":0,"622":0,"623":0,"624":0,"625":0,"626":0,"627":0,"628":1,"629":1,"630":1,"631":1,"632":1,"633":0,"634":0,"635":0,"636":0,"637":0,"638":0,"639":0,"640":0,"641":0,"642":0,"643":0,"644":0,"645":0,"646":0,"647":0,"648":0,"649":0,"650":0,"651":0,"652":0,"653":0,"654":0,"655":0,"656":0,"657":0,"658":0,"659":0,"660":0,"661":0,"662":1,"663":0,"664":1,"665":0,"666":0,"667":0,"668":0,"669":0,"670":0,"671":0,"672":0,"673":0,"674":0,"675":1,"676":0,"677":0,"678":1,"679":0,"680":0,"681":1,"682":0,"683":0,"684":1,"685":0,"686":0,"687":1,"688":0,"689":0,"690":1,"691":0,"692":0,"693":1,"694":0,"695":0,"696":1,"697":0,"698":0,"699":1,"700":0,"701":0,"702":0,"703":0,"704":0,"705":0,"706":0,"707":0,"708":0,"709":1,"710":0,"711":0,"712":0,"713":0,"714":0,"715":0,"716":0,"717":0,"718":1,"719":0,"720":0,"721":1,"722":0,"723":0,"724":0,"725":0,"726":0,"727":0,"728":0,"729":0,"730":0,"731":0,"732":1,"733":0,"734":0,"735":1,"736":0,"737":0,"738":1,"739":1,"740":0,"741":0,"742":0,"743":0,"744":0,"745":0,"746":1,"747":0,"748":0,"749":0,"750":0,"751":0,"752":0,"753":1,"754":0,"755":0,"756":0,"757":0,"758":0,"759":1,"760":1,"761":1,"762":1,"763":0,"764":0,"765":0,"766":0,"767":0,"768":0,"769":0,"770":0,"771":0,"772":0,"773":0,"774":0,"775":0,"776":0,"777":0,"778":0,"779":0,"780":0,"781":1,"782":1,"783":1,"784":1,"785":1,"786":0,"787":0,"788":0,"789":0,"790":0,"791":0,"792":0,"793":0,"794":0,"795":0,"796":0,"797":0,"798":0,"799":0,"800":0,"801":0,"802":0,"803":0,"804":0,"805":0,"806":0,"807":0,"808":0,"809":0,"810":0,"811":0,"812":0,"813":0,"814":0,"815":0,"816":0,"817":0,"818":0,"819":0,"820":0,"821":0,"822":0,"823":0,"824":0,"825":0,"826":0,"827":0,"828":0,"829":0,"830":0,"831":0,"832":0,"833":0,"834":0,"835":0,"836":0,"837":0,"838":0,"839":0,"840":0,"841":0,"842":0,"843":0,"844":0,"845":0,"846":0,"847":0,"848":0,"849":0,"850":0,"851":0,"852":0,"853":0,"854":0,"855":0,"856":0,"857":0,"858":0,"859":0,"860":0,"861":0,"862":0,"863":0,"864":0,"865":0,"866":0,"867":0,"868":0,"869":0,"870":0,"871":0,"872":0,"873":0,"874":1,"875":1,"876":1,"877":0,"878":1,"879":1,"880":0,"881":0,"882":0,"883":1,"884":1,"885":1,"886":1,"887":0,"888":0,"889":0,"890":1,"891":1,"892":1,"893":0,"894":0,"895":1,"896":0,"897":1,"898":0,"899":1,"900":0,"901":1,"902":0,"903":1,"904":0,"905":1,"906":0,"907":0,"908":0,"909":1,"910":1,"911":71,"912":0,"913":0,"914":0,"915":0,"916":0,"917":0,"918":1,"919":71,"920":1,"921":0,"922":1,"923":0,"924":0,"925":0,"926":0,"927":0,"928":0,"929":1,"930":0,"931":1,"932":1},"b":{"1":[1,0],"2":[1,1],"3":[0,0],"4":[0,0],"5":[0,0],"6":[0,0],"7":[0,0],"8":[0,0],"9":[0,0],"10":[0,0],"11":[0,0],"12":[0,0],"13":[0,0],"14":[0,0],"15":[0,0],"16":[0,0],"17":[0,0],"18":[0,0],"19":[0,0],"20":[0,0],"21":[0,0],"22":[0,0],"23":[0,0],"24":[0,0],"25":[0,0],"26":[0,0],"27":[0,0],"28":[0,0],"29":[0,0],"30":[0,0],"31":[0,0],"32":[0,0],"33":[0,0],"34":[0,0],"35":[0,0],"36":[0,0],"37":[0,0],"38":[0,0],"39":[0,0],"40":[0,0],"41":[0,0],"42":[0,0],"43":[0,0],"44":[0,0],"45":[0,0],"46":[0,0],"47":[0,0],"48":[0,0],"49":[0,0],"50":[0,0],"51":[0,0],"52":[0,0],"53":[0,0],"54":[0,0],"55":[0,0],"56":[0,0],"57":[0,0],"58":[0,0],"59":[0,0],"60":[0,0],"61":[0,0],"62":[0,0],"63":[0,0],"64":[0,0],"65":[0,0],"66":[0,0],"67":[0,0],"68":[0,0],"69":[0,0],"70":[0,0],"71":[0,0],"72":[0,0],"73":[0,0],"74":[0,0],"75":[0,0],"76":[0,0],"77":[0,0],"78":[0,0,0,0,0],"79":[0,0],"80":[0,0],"81":[0,0],"82":[0,0],"83":[0,0,0,0,0],"84":[0,0],"85":[0,0],"86":[0,0],"87":[0,0,0,0,0,0,0,0,0,0,0,0,0,0],"88":[0,0],"89":[0,0],"90":[0,0],"91":[0,0],"92":[0,0],"93":[0,0],"94":[0,0],"95":[0,0],"96":[0,0],"97":[0,0],"98":[0,0],"99":[0,0],"100":[0,0,0],"101":[0,0],"102":[0,0],"103":[0,0],"104":[0,0],"105":[0,0],"106":[0,0],"107":[0,0],"108":[0,0],"109":[0,0],"110":[0,0],"111":[0,0],"112":[0,0],"113":[0,0],"114":[0,0],"115":[0,0],"116":[0,0],"117":[0,0],"118":[0,0],"119":[0,0],"120":[0,0],"121":[0,0],"122":[0,0],"123":[0,0],"124":[0,0],"125":[0,0],"126":[0,0],"127":[0,0],"128":[0,0],"129":[0,0],"130":[0,0],"131":[0,0],"132":[0,0],"133":[0,0],"134":[0,0],"135":[0,0],"136":[0,0],"137":[0,0],"138":[0,0],"139":[0,0],"140":[0,0],"141":[0,0],"142":[0,0],"143":[0,0],"144":[0,0],"145":[0,0],"146":[0,0],"147":[0,0],"148":[0,0],"149":[0,0],"150":[0,0],"151":[0,0],"152":[0,0],"153":[0,0],"154":[0,0],"155":[0,0],"156":[0,0],"157":[0,0],"158":[0,0],"159":[0,0],"160":[0,0],"161":[0,0,0],"162":[0,0],"163":[0,0],"164":[0,0],"165":[0,0],"166":[0,0],"167":[0,0],"168":[0,0],"169":[0,0],"170":[0,0],"171":[0,0],"172":[0,0],"173":[0,0],"174":[0,0,0],"175":[0,0],"176":[0,0],"177":[0,0],"178":[0,0],"179":[0,0],"180":[0,0],"181":[0,0],"182":[0,0,0,0,0,0,0,0,0],"183":[0,0],"184":[0,0],"185":[0,0],"186":[0,0],"187":[0,0],"188":[0,0],"189":[0,0],"190":[0,0],"191":[0,0],"192":[0,0],"193":[0,0],"194":[0,0],"195":[0,0],"196":[0,0],"197":[0,0],"198":[0,0],"199":[0,0],"200":[0,0],"201":[0,0],"202":[0,0,0],"203":[0,0],"204":[0,0],"205":[0,0],"206":[0,1],"207":[1,0],"208":[1,1],"209":[0,0],"210":[0,0],"211":[0,0],"212":[0,0],"213":[0,0],"214":[0,0],"215":[1,0],"216":[0,0]},"f":{"1":1,"2":1,"3":0,"4":0,"5":0,"6":0,"7":0,"8":0,"9":0,"10":0,"11":0,"12":0,"13":0,"14":0,"15":0,"16":0,"17":0,"18":0,"19":0,"20":0,"21":0,"22":0,"23":0,"24":0,"25":0,"26":0,"27":0,"28":0,"29":0,"30":0,"31":0,"32":0,"33":0,"34":0,"35":0,"36":0,"37":0,"38":0,"39":0,"40":0,"41":0,"42":0,"43":0,"44":0,"45":0,"46":0,"47":0,"48":0,"49":0,"50":0,"51":0,"52":0,"53":0,"54":0,"55":0,"56":0,"57":0,"58":0,"59":0,"60":0,"61":0,"62":0,"63":0,"64":0,"65":0,"66":0,"67":0,"68":0,"69":0,"70":0,"71":0,"72":0,"73":0,"74":0,"75":0,"76":0,"77":0,"78":0,"79":0,"80":0,"81":0,"82":0,"83":0,"84":0,"85":0,"86":0,"87":0,"88":0,"89":0,"90":0,"91":0,"92":0,"93":0,"94":0,"95":1,"96":0,"97":0,"98":0,"99":0,"100":0,"101":0,"102":0,"103":0,"104":0,"105":0,"106":0,"107":0,"108":0,"109":0,"110":0,"111":0,"112":0,"113":0,"114":0,"115":0,"116":0,"117":0,"118":0,"119":0,"120":0,"121":0,"122":0,"123":0,"124":0,"125":0,"126":0,"127":0,"128":0,"129":1,"130":0,"131":0,"132":0,"133":0,"134":0,"135":0,"136":0,"137":0,"138":71,"139":0,"140":71,"141":0,"142":0,"143":0},"fnMap":{"1":{"name":"(anonymous_1)","line":9,"loc":{"start":{"line":9,"column":1},"end":{"line":9,"column":28}}},"2":{"name":"(anonymous_2)","line":13,"loc":{"start":{"line":13,"column":9},"end":{"line":13,"column":21}}},"3":{"name":"isNil","line":23,"loc":{"start":{"line":23,"column":0},"end":{"line":23,"column":22}}},"4":{"name":"coerceToBoolean","line":36,"loc":{"start":{"line":36,"column":0},"end":{"line":36,"column":32}}},"5":{"name":"isString","line":61,"loc":{"start":{"line":61,"column":0},"end":{"line":61,"column":27}}},"6":{"name":"coerceToString","line":77,"loc":{"start":{"line":77,"column":0},"end":{"line":77,"column":31}}},"7":{"name":"capitalize","line":107,"loc":{"start":{"line":107,"column":0},"end":{"line":107,"column":42}}},"8":{"name":"lowerCase","line":135,"loc":{"start":{"line":135,"column":0},"end":{"line":135,"column":28}}},"9":{"name":"nilDefault","line":402,"loc":{"start":{"line":402,"column":0},"end":{"line":402,"column":41}}},"10":{"name":"toString","line":415,"loc":{"start":{"line":415,"column":0},"end":{"line":415,"column":25}}},"11":{"name":"words","line":449,"loc":{"start":{"line":449,"column":0},"end":{"line":449,"column":40}}},"12":{"name":"wordToCamel","line":471,"loc":{"start":{"line":471,"column":0},"end":{"line":471,"column":34}}},"13":{"name":"camelCase","line":494,"loc":{"start":{"line":494,"column":0},"end":{"line":494,"column":28}}},"14":{"name":"decapitalize","line":518,"loc":{"start":{"line":518,"column":0},"end":{"line":518,"column":31}}},"15":{"name":"kebabCase","line":546,"loc":{"start":{"line":546,"column":0},"end":{"line":546,"column":28}}},"16":{"name":"snakeCase","line":573,"loc":{"start":{"line":573,"column":0},"end":{"line":573,"column":28}}},"17":{"name":"upperCase","line":594,"loc":{"start":{"line":594,"column":0},"end":{"line":594,"column":28}}},"18":{"name":"swapCase","line":616,"loc":{"start":{"line":616,"column":0},"end":{"line":616,"column":27}}},"19":{"name":"swapAndConcat","line":621,"loc":{"start":{"line":621,"column":0},"end":{"line":621,"column":43}}},"20":{"name":"titleCase","line":644,"loc":{"start":{"line":644,"column":0},"end":{"line":644,"column":41}}},"21":{"name":"(anonymous_21)","line":648,"loc":{"start":{"line":648,"column":44},"end":{"line":648,"column":60}}},"22":{"name":"clipNumber","line":664,"loc":{"start":{"line":664,"column":0},"end":{"line":664,"column":47}}},"23":{"name":"toInteger","line":690,"loc":{"start":{"line":690,"column":0},"end":{"line":690,"column":26}}},"24":{"name":"truncate","line":721,"loc":{"start":{"line":721,"column":0},"end":{"line":721,"column":40}}},"25":{"name":"charAt","line":748,"loc":{"start":{"line":748,"column":0},"end":{"line":748,"column":35}}},"26":{"name":"isHighSurrogate","line":765,"loc":{"start":{"line":765,"column":0},"end":{"line":765,"column":36}}},"27":{"name":"isLowSurrogate","line":776,"loc":{"start":{"line":776,"column":0},"end":{"line":776,"column":35}}},"28":{"name":"getAstralNumberFromSurrogatePair","line":788,"loc":{"start":{"line":788,"column":0},"end":{"line":788,"column":71}}},"29":{"name":"coerceToNumber","line":804,"loc":{"start":{"line":804,"column":0},"end":{"line":804,"column":31}}},"30":{"name":"nanDefault","line":825,"loc":{"start":{"line":825,"column":0},"end":{"line":825,"column":41}}},"31":{"name":"codePointAt","line":850,"loc":{"start":{"line":850,"column":0},"end":{"line":850,"column":40}}},"32":{"name":"first","line":889,"loc":{"start":{"line":889,"column":0},"end":{"line":889,"column":32}}},"33":{"name":"graphemeAt","line":917,"loc":{"start":{"line":917,"column":0},"end":{"line":917,"column":39}}},"34":{"name":"last","line":953,"loc":{"start":{"line":953,"column":0},"end":{"line":953,"column":31}}},"35":{"name":"prune","line":984,"loc":{"start":{"line":984,"column":0},"end":{"line":984,"column":37}}},"36":{"name":"(anonymous_36)","line":993,"loc":{"start":{"line":993,"column":33},"end":{"line":993,"column":57}}},"37":{"name":"slice","line":1025,"loc":{"start":{"line":1025,"column":0},"end":{"line":1025,"column":36}}},"38":{"name":"substr","line":1048,"loc":{"start":{"line":1048,"column":0},"end":{"line":1048,"column":40}}},"39":{"name":"substring","line":1072,"loc":{"start":{"line":1072,"column":0},"end":{"line":1072,"column":40}}},"40":{"name":"count","line":1089,"loc":{"start":{"line":1089,"column":0},"end":{"line":1089,"column":24}}},"41":{"name":"countGrapheme","line":1114,"loc":{"start":{"line":1114,"column":0},"end":{"line":1114,"column":32}}},"42":{"name":"countSubstrings","line":1135,"loc":{"start":{"line":1135,"column":0},"end":{"line":1135,"column":45}}},"43":{"name":"countWhere","line":1176,"loc":{"start":{"line":1176,"column":0},"end":{"line":1176,"column":49}}},"44":{"name":"(anonymous_44)","line":1182,"loc":{"start":{"line":1182,"column":36},"end":{"line":1182,"column":77}}},"45":{"name":"countWords","line":1211,"loc":{"start":{"line":1211,"column":0},"end":{"line":1211,"column":45}}},"46":{"name":"ReplacementIndex","line":1223,"loc":{"start":{"line":1223,"column":0},"end":{"line":1223,"column":28}}},"47":{"name":"(anonymous_47)","line":1233,"loc":{"start":{"line":1233,"column":39},"end":{"line":1233,"column":51}}},"48":{"name":"(anonymous_48)","line":1244,"loc":{"start":{"line":1244,"column":54},"end":{"line":1244,"column":74}}},"49":{"name":"(anonymous_49)","line":1257,"loc":{"start":{"line":1257,"column":48},"end":{"line":1257,"column":68}}},"50":{"name":"repeat","line":1309,"loc":{"start":{"line":1309,"column":0},"end":{"line":1309,"column":32}}},"51":{"name":"buildPadding","line":1333,"loc":{"start":{"line":1333,"column":0},"end":{"line":1333,"column":45}}},"52":{"name":"padLeft","line":1360,"loc":{"start":{"line":1360,"column":0},"end":{"line":1360,"column":39}}},"53":{"name":"padRight","line":1391,"loc":{"start":{"line":1391,"column":0},"end":{"line":1391,"column":40}}},"54":{"name":"alignAndPad","line":1409,"loc":{"start":{"line":1409,"column":0},"end":{"line":1409,"column":42}}},"55":{"name":"addSignToFormattedNumber","line":1428,"loc":{"start":{"line":1428,"column":0},"end":{"line":1428,"column":87}}},"56":{"name":"float","line":1444,"loc":{"start":{"line":1444,"column":0},"end":{"line":1444,"column":40}}},"57":{"name":"formatFloatAsShort","line":1479,"loc":{"start":{"line":1479,"column":0},"end":{"line":1479,"column":70}}},"58":{"name":"integerBase","line":1500,"loc":{"start":{"line":1500,"column":0},"end":{"line":1500,"column":46}}},"59":{"name":"integerDecimal","line":1535,"loc":{"start":{"line":1535,"column":0},"end":{"line":1535,"column":49}}},"60":{"name":"stringFormat","line":1551,"loc":{"start":{"line":1551,"column":0},"end":{"line":1551,"column":47}}},"61":{"name":"compute","line":1569,"loc":{"start":{"line":1569,"column":0},"end":{"line":1569,"column":42}}},"62":{"name":"ConversionSpecification","line":1606,"loc":{"start":{"line":1606,"column":0},"end":{"line":1606,"column":45}}},"63":{"name":"(anonymous_63)","line":1678,"loc":{"start":{"line":1678,"column":53},"end":{"line":1678,"column":65}}},"64":{"name":"(anonymous_64)","line":1688,"loc":{"start":{"line":1688,"column":56},"end":{"line":1688,"column":68}}},"65":{"name":"validate","line":1706,"loc":{"start":{"line":1706,"column":0},"end":{"line":1706,"column":57}}},"66":{"name":"match","line":1736,"loc":{"start":{"line":1736,"column":0},"end":{"line":1736,"column":195}}},"67":{"name":"sprintf","line":1929,"loc":{"start":{"line":1929,"column":0},"end":{"line":1929,"column":25}}},"68":{"name":"_toConsumableArray","line":1943,"loc":{"start":{"line":1943,"column":0},"end":{"line":1943,"column":33}}},"69":{"name":"vprintf","line":1964,"loc":{"start":{"line":1964,"column":0},"end":{"line":1964,"column":39}}},"70":{"name":"replaceSpecialCharacter","line":1984,"loc":{"start":{"line":1984,"column":0},"end":{"line":1984,"column":44}}},"71":{"name":"escapeHtml","line":2001,"loc":{"start":{"line":2001,"column":0},"end":{"line":2001,"column":29}}},"72":{"name":"escapeRegExp","line":2018,"loc":{"start":{"line":2018,"column":0},"end":{"line":2018,"column":31}}},"73":{"name":"reduceUnescapedString","line":2040,"loc":{"start":{"line":2040,"column":0},"end":{"line":2040,"column":44}}},"74":{"name":"unescapeHtml","line":2058,"loc":{"start":{"line":2058,"column":0},"end":{"line":2058,"column":31}}},"75":{"name":"indexOf","line":2081,"loc":{"start":{"line":2081,"column":0},"end":{"line":2081,"column":45}}},"76":{"name":"lastIndexOf","line":2104,"loc":{"start":{"line":2104,"column":0},"end":{"line":2104,"column":49}}},"77":{"name":"search","line":2127,"loc":{"start":{"line":2127,"column":0},"end":{"line":2127,"column":45}}},"78":{"name":"insert","line":2155,"loc":{"start":{"line":2155,"column":0},"end":{"line":2155,"column":45}}},"79":{"name":"getDiacriticsMap","line":2292,"loc":{"start":{"line":2292,"column":0},"end":{"line":2292,"column":28}}},"80":{"name":"(anonymous_80)","line":2297,"loc":{"start":{"line":2297,"column":34},"end":{"line":2297,"column":49}}},"81":{"name":"getLatinCharacter","line":2314,"loc":{"start":{"line":2314,"column":0},"end":{"line":2314,"column":38}}},"82":{"name":"removeCombiningMarks","line":2327,"loc":{"start":{"line":2327,"column":0},"end":{"line":2327,"column":57}}},"83":{"name":"latinise","line":2350,"loc":{"start":{"line":2350,"column":0},"end":{"line":2350,"column":27}}},"84":{"name":"pad","line":2379,"loc":{"start":{"line":2379,"column":0},"end":{"line":2379,"column":35}}},"85":{"name":"replace","line":2416,"loc":{"start":{"line":2416,"column":0},"end":{"line":2416,"column":48}}},"86":{"name":"getRegExpFlags","line":2428,"loc":{"start":{"line":2428,"column":0},"end":{"line":2428,"column":32}}},"87":{"name":"includes","line":2450,"loc":{"start":{"line":2450,"column":0},"end":{"line":2450,"column":45}}},"88":{"name":"appendFlagToRegExp","line":2471,"loc":{"start":{"line":2471,"column":0},"end":{"line":2471,"column":49}}},"89":{"name":"replaceAll","line":2498,"loc":{"start":{"line":2498,"column":0},"end":{"line":2498,"column":51}}},"90":{"name":"reverse","line":2522,"loc":{"start":{"line":2522,"column":0},"end":{"line":2522,"column":26}}},"91":{"name":"reverseGrapheme","line":2545,"loc":{"start":{"line":2545,"column":0},"end":{"line":2545,"column":34}}},"92":{"name":"(anonymous_92)","line":2550,"loc":{"start":{"line":2550,"column":64},"end":{"line":2550,"column":86}}},"93":{"name":"slugify","line":2580,"loc":{"start":{"line":2580,"column":0},"end":{"line":2580,"column":26}}},"94":{"name":"splice","line":2613,"loc":{"start":{"line":2613,"column":0},"end":{"line":2613,"column":52}}},"95":{"name":"(anonymous_95)","line":2632,"loc":{"start":{"line":2632,"column":21},"end":{"line":2632,"column":33}}},"96":{"name":"sliceIterator","line":2632,"loc":{"start":{"line":2632,"column":35},"end":{"line":2632,"column":66}}},"97":{"name":"(anonymous_97)","line":2632,"loc":{"start":{"line":2632,"column":436},"end":{"line":2632,"column":454}}},"98":{"name":"tr","line":2665,"loc":{"start":{"line":2665,"column":0},"end":{"line":2665,"column":31}}},"99":{"name":"extractKeysAndValues","line":2703,"loc":{"start":{"line":2703,"column":0},"end":{"line":2703,"column":38}}},"100":{"name":"(anonymous_100)","line":2705,"loc":{"start":{"line":2705,"column":49},"end":{"line":2705,"column":64}}},"101":{"name":"sortStringByLength","line":2711,"loc":{"start":{"line":2711,"column":0},"end":{"line":2711,"column":40}}},"102":{"name":"trimLeft","line":2737,"loc":{"start":{"line":2737,"column":0},"end":{"line":2737,"column":42}}},"103":{"name":"(anonymous_103)","line":2747,"loc":{"start":{"line":2747,"column":38},"end":{"line":2747,"column":68}}},"104":{"name":"trimRight","line":2775,"loc":{"start":{"line":2775,"column":0},"end":{"line":2775,"column":43}}},"105":{"name":"(anonymous_105)","line":2785,"loc":{"start":{"line":2785,"column":41},"end":{"line":2785,"column":71}}},"106":{"name":"trim","line":2811,"loc":{"start":{"line":2811,"column":0},"end":{"line":2811,"column":35}}},"107":{"name":"wordWrap","line":2864,"loc":{"start":{"line":2864,"column":0},"end":{"line":2864,"column":27}}},"108":{"name":"determineOptions","line":2920,"loc":{"start":{"line":2920,"column":0},"end":{"line":2920,"column":35}}},"109":{"name":"endsWith","line":2950,"loc":{"start":{"line":2950,"column":0},"end":{"line":2950,"column":42}}},"110":{"name":"isAlpha","line":2984,"loc":{"start":{"line":2984,"column":0},"end":{"line":2984,"column":26}}},"111":{"name":"isAlphaDigit","line":3008,"loc":{"start":{"line":3008,"column":0},"end":{"line":3008,"column":31}}},"112":{"name":"isBlank","line":3032,"loc":{"start":{"line":3032,"column":0},"end":{"line":3032,"column":26}}},"113":{"name":"isDigit","line":3056,"loc":{"start":{"line":3056,"column":0},"end":{"line":3056,"column":26}}},"114":{"name":"isEmpty","line":3080,"loc":{"start":{"line":3080,"column":0},"end":{"line":3080,"column":26}}},"115":{"name":"isLowerCase","line":3104,"loc":{"start":{"line":3104,"column":0},"end":{"line":3104,"column":30}}},"116":{"name":"isNumeric","line":3131,"loc":{"start":{"line":3131,"column":0},"end":{"line":3131,"column":28}}},"117":{"name":"isUpperCase","line":3152,"loc":{"start":{"line":3152,"column":0},"end":{"line":3152,"column":30}}},"118":{"name":"matches","line":3178,"loc":{"start":{"line":3178,"column":0},"end":{"line":3178,"column":42}}},"119":{"name":"startsWith","line":3213,"loc":{"start":{"line":3213,"column":0},"end":{"line":3213,"column":46}}},"120":{"name":"chars","line":3239,"loc":{"start":{"line":3239,"column":0},"end":{"line":3239,"column":24}}},"121":{"name":"codePoints","line":3262,"loc":{"start":{"line":3262,"column":0},"end":{"line":3262,"column":29}}},"122":{"name":"graphemes","line":3296,"loc":{"start":{"line":3296,"column":0},"end":{"line":3296,"column":28}}},"123":{"name":"split","line":3319,"loc":{"start":{"line":3319,"column":0},"end":{"line":3319,"column":42}}},"124":{"name":"trim$1","line":3344,"loc":{"start":{"line":3344,"column":0},"end":{"line":3344,"column":25}}},"125":{"name":"hasSubstringAtIndex","line":3365,"loc":{"start":{"line":3365,"column":0},"end":{"line":3365,"column":56}}},"126":{"name":"parseTagList","line":3383,"loc":{"start":{"line":3383,"column":0},"end":{"line":3383,"column":28}}},"127":{"name":"parseTagName","line":3403,"loc":{"start":{"line":3403,"column":0},"end":{"line":3403,"column":34}}},"128":{"name":"trim$2","line":3461,"loc":{"start":{"line":3461,"column":0},"end":{"line":3461,"column":53}}},"129":{"name":"getGlobalObject","line":3589,"loc":{"start":{"line":3589,"column":0},"end":{"line":3589,"column":27}}},"130":{"name":"noConflict","line":3624,"loc":{"start":{"line":3624,"column":0},"end":{"line":3624,"column":22}}},"131":{"name":"ChainWrapper","line":3788,"loc":{"start":{"line":3788,"column":0},"end":{"line":3788,"column":46}}},"132":{"name":"(anonymous_132)","line":3815,"loc":{"start":{"line":3815,"column":31},"end":{"line":3815,"column":43}}},"133":{"name":"(anonymous_133)","line":3825,"loc":{"start":{"line":3825,"column":33},"end":{"line":3825,"column":45}}},"134":{"name":"(anonymous_134)","line":3835,"loc":{"start":{"line":3835,"column":32},"end":{"line":3835,"column":44}}},"135":{"name":"(anonymous_135)","line":3845,"loc":{"start":{"line":3845,"column":34},"end":{"line":3845,"column":46}}},"136":{"name":"(anonymous_136)","line":3873,"loc":{"start":{"line":3873,"column":31},"end":{"line":3873,"column":43}}},"137":{"name":"(anonymous_137)","line":3897,"loc":{"start":{"line":3897,"column":30},"end":{"line":3897,"column":49}}},"138":{"name":"makeFunctionChainable","line":3919,"loc":{"start":{"line":3919,"column":0},"end":{"line":3919,"column":49}}},"139":{"name":"(anonymous_139)","line":3920,"loc":{"start":{"line":3920,"column":9},"end":{"line":3920,"column":21}}},"140":{"name":"(anonymous_140)","line":3934,"loc":{"start":{"line":3934,"column":31},"end":{"line":3934,"column":47}}},"141":{"name":"chain","line":3955,"loc":{"start":{"line":3955,"column":0},"end":{"line":3955,"column":24}}},"142":{"name":"(anonymous_142)","line":3959,"loc":{"start":{"line":3959,"column":32},"end":{"line":3959,"column":50}}},"143":{"name":"Voca","line":3983,"loc":{"start":{"line":3983,"column":0},"end":{"line":3983,"column":23}}}},"statementMap":{"1":{"start":{"line":9,"column":0},"end":{"line":3993,"column":5}},"2":{"start":{"line":10,"column":1},"end":{"line":12,"column":24}},"3":{"start":{"line":23,"column":0},"end":{"line":25,"column":1}},"4":{"start":{"line":24,"column":2},"end":{"line":24,"column":47}},"5":{"start":{"line":36,"column":0},"end":{"line":43,"column":1}},"6":{"start":{"line":37,"column":2},"end":{"line":37,"column":95}},"7":{"start":{"line":39,"column":2},"end":{"line":41,"column":3}},"8":{"start":{"line":40,"column":4},"end":{"line":40,"column":24}},"9":{"start":{"line":42,"column":2},"end":{"line":42,"column":24}},"10":{"start":{"line":61,"column":0},"end":{"line":63,"column":1}},"11":{"start":{"line":62,"column":2},"end":{"line":62,"column":37}},"12":{"start":{"line":77,"column":0},"end":{"line":87,"column":1}},"13":{"start":{"line":78,"column":2},"end":{"line":78,"column":92}},"14":{"start":{"line":80,"column":2},"end":{"line":82,"column":3}},"15":{"start":{"line":81,"column":4},"end":{"line":81,"column":24}},"16":{"start":{"line":83,"column":2},"end":{"line":85,"column":3}},"17":{"start":{"line":84,"column":4},"end":{"line":84,"column":17}},"18":{"start":{"line":86,"column":2},"end":{"line":86,"column":23}},"19":{"start":{"line":107,"column":0},"end":{"line":117,"column":1}},"20":{"start":{"line":108,"column":2},"end":{"line":108,"column":46}},"21":{"start":{"line":109,"column":2},"end":{"line":109,"column":60}},"22":{"start":{"line":110,"column":2},"end":{"line":112,"column":3}},"23":{"start":{"line":111,"column":4},"end":{"line":111,"column":14}},"24":{"start":{"line":113,"column":2},"end":{"line":115,"column":3}},"25":{"start":{"line":114,"column":4},"end":{"line":114,"column":48}},"26":{"start":{"line":116,"column":2},"end":{"line":116,"column":76}},"27":{"start":{"line":135,"column":0},"end":{"line":138,"column":1}},"28":{"start":{"line":136,"column":2},"end":{"line":136,"column":50}},"29":{"start":{"line":137,"column":2},"end":{"line":137,"column":37}},"30":{"start":{"line":146,"column":0},"end":{"line":146,"column":18}},"31":{"start":{"line":154,"column":0},"end":{"line":154,"column":35}},"32":{"start":{"line":162,"column":0},"end":{"line":162,"column":38}},"33":{"start":{"line":170,"column":0},"end":{"line":170,"column":37}},"34":{"start":{"line":178,"column":0},"end":{"line":178,"column":100}},"35":{"start":{"line":186,"column":0},"end":{"line":186,"column":115}},"36":{"start":{"line":195,"column":0},"end":{"line":195,"column":242}},"37":{"start":{"line":204,"column":0},"end":{"line":204,"column":98}},"38":{"start":{"line":212,"column":0},"end":{"line":215,"column":11}},"39":{"start":{"line":223,"column":0},"end":{"line":223,"column":59}},"40":{"start":{"line":231,"column":0},"end":{"line":231,"column":60}},"41":{"start":{"line":239,"column":0},"end":{"line":239,
[...]
5":{"start":{"line":12,"column":0},"end":{"line":12,"column":36}},"6":{"start":{"line":14,"column":0},"end":{"line":14,"column":49}},"7":{"start":{"line":16,"column":0},"end":{"line":16,"column":95}},"8":{"start":{"line":16,"column":39},"end":{"line":16,"column":93}},"9":{"start":{"line":18,"column":0},"end":{"line":18,"column":195}},"10":{"start":{"line":18,"column":35},"end":{"line":18,"column":193}},"11":{"start":{"line":18,"column":61},"end":{"line":18,"column":145}},"12":{"start":{"line":18,"column":126},"end":{"line":18,"column":143}},"13":{"start":{"line":18,"column":146},"end":{"line":18,"column":158}},"14":{"start":{"line":18,"column":168},"end":{"line":18,"column":191}},"15":{"start":{"line":39,"column":0},"end":{"line":41,"column":1}},"16":{"start":{"line":40,"column":2},"end":{"line":40,"column":127}},"17":{"start":{"line":42,"column":0},"end":{"line":42,"column":36}}},"branchMap":{"1":{"line":16,"type":"cond-expr","locations":[{"start":{"line":16,"column":70},"end":{"line":16,"column":73}},{"start":{"line":16,"column":76},"end":{"line":16,"column":92}}]},"2":{"line":16,"type":"binary-expr","locations":[{"start":{"line":16,"column":46},"end":{"line":16,"column":49}},{"start":{"line":16,"column":53},"end":{"line":16,"column":67}}]},"3":{"line":18,"type":"if","locations":[{"start":{"line":18,"column":35},"end":{"line":18,"column":35}},{"start":{"line":18,"column":35},"end":{"line":18,"column":35}}]}},"code":["'use strict';","","Object.defineProperty(exports, \"__esModule\", {","  value: true","});","exports.default = vprintf;","","var _nil_default = require('./helper/undefined/nil_default');","","var _nil_default2 = _interopRequireDefault(_nil_default);","","var _sprintf = require('./sprintf');","","var _sprintf2 = _interopRequireDefault(_sprintf);","","function _interopRequireDefault(obj) { return obj && obj.__esModule ? obj : { default: obj }; }","","function _toConsumableArray(arr) { if (Array.isArray(arr)) { for (var i = 0, arr2 = Array(arr.length); i < arr.length; i++) { arr2[i] = arr[i]; } return arr2; } else { return Array.from(arr); } }","","/**"," * Produces a string according to `format`. Works exactly like <a href=\"#sprintf\"><code>sprintf()</code></a>,"," * with the only difference that accepts the formatting arguments in an array `values`.<br/>"," * See <a href=\"#sprintf-format\">here</a> `format` string specifications."," *"," * @function vprintf"," * @static"," * @since 1.0.0"," * @memberOf Format"," * @param  {string} format='']  The format string."," * @param  {Array} replacements The array of replacements to produce the string."," * @return {string}             Returns the produced string."," * @example"," * v.vprintf('%s', ['Welcome'])"," * // => 'Welcome'"," *"," * v.vprintf('%s has %d apples', ['Alexandra', 3]);"," * // => 'Alexandra has 3 apples'"," */","function vprintf(format, replacements) {","  return _sprintf2.default.apply(undefined, [format].concat(_toConsumableArray((0, _nil_default2.default)(replacements, []))));","}","module.exports = exports['default'];"],"l":{"3":1,"6":1,"8":1,"10":1,"12":1,"14":1,"16":2,"18":1,"39":1,"40":0,"42":1}},"/home/travis/build/npmtest/node-npmtest-voca/node_modules/voca/word_wrap.js":{"path":"/home/travis/build/npmtest/node-npmtest-voca/node_modules/voca/word_wrap.js","s":{"1":1,"2":1,"3":1,"4":1,"5":1,"6":1,"7":1,"8":1,"9":1,"10":3,"11":1,"12":1,"13":1,"14":1,"15":1,"16":0,"17":0,"18":0,"19":0,"20":0,"21":0,"22":0,"23":0,"24":0,"25":0,"26":0,"27":0,"28":0,"29":0,"30":0,"31":0,"32":0,"33":0,"34":0,"35":0,"36":0,"37":0,"38":0,"39":0,"40":0,"41":0,"42":0,"43":0,"44":0,"45":1,"46":0,"47":1},"b":{"1":[0,3],"2":[3,3],"3":[0,0],"4":[0,0],"5":[0,0],"6":[0,0],"7":[0,0],"8":[0,0],"9":[0,0],"10":[0,0],"11":[0,0]},"f":{"1":3,"2":0,"3":0},"fnMap":{"1":{"name":"_interopRequireDefault","line":20,"loc":{"start":{"line":20,"column":0},"end":{"line":20,"column":37}}},"2":{"name":"wordWrap","line":63,"loc":{"start":{"line":63,"column":0},"end":{"line":63,"column":27}}},"3":{"name":"determineOptions","line":119,"loc":{"start":{"line":119,"column":0},"end":{"line":119,"column":35}}}},"statementMap":{"1":{"start":{"line":3,"column":0},"end":{"line":5,"column":3}},"2":{"start":{"line":6,"column":0},"end":{"line":6,"column":27}},"3":{"start":{"line":8,"column":0},"end":{"line":8,"column":71}},"4":{"start":{"line":10,"column":0},"end":{"line":10,"column":69}},"5":{"start":{"line":12,"column":0},"end":{"line":12,"column":68}},"6":{"start":{"line":14,"column":0},"end":{"line":14,"column":67}},"7":{"start":{"line":16,"column":0},"end":{"line":16,"column":68}},"8":{"start":{"line":18,"column":0},"end":{"line":18,"column":67}},"9":{"start":{"line":20,"column":0},"end":{"line":20,"column":95}},"10":{"start":{"line":20,"column":39},"end":{"line":20,"column":93}},"11":{"start":{"line":22,"column":0},"end":{"line":22,"column":27}},"12":{"start":{"line":23,"column":0},"end":{"line":23,"column":32}},"13":{"start":{"line":24,"column":0},"end":{"line":24,"column":29}},"14":{"start":{"line":25,"column":0},"end":{"line":25,"column":23}},"15":{"start":{"line":63,"column":0},"end":{"line":110,"column":1}},"16":{"start":{"line":64,"column":2},"end":{"line":64,"column":87}},"17":{"start":{"line":66,"column":2},"end":{"line":66,"column":63}},"18":{"start":{"line":68,"column":2},"end":{"line":72,"column":34}},"19":{"start":{"line":74,"column":2},"end":{"line":76,"column":3}},"20":{"start":{"line":75,"column":4},"end":{"line":75,"column":18}},"21":{"start":{"line":77,"column":2},"end":{"line":77,"column":43}},"22":{"start":{"line":78,"column":2},"end":{"line":78,"column":62}},"23":{"start":{"line":79,"column":2},"end":{"line":79,"column":17}},"24":{"start":{"line":80,"column":2},"end":{"line":80,"column":23}},"25":{"start":{"line":81,"column":2},"end":{"line":105,"column":3}},"26":{"start":{"line":82,"column":4},"end":{"line":85,"column":5}},"27":{"start":{"line":83,"column":6},"end":{"line":83,"column":15}},"28":{"start":{"line":84,"column":6},"end":{"line":84,"column":15}},"29":{"start":{"line":86,"column":4},"end":{"line":86,"column":71}},"30":{"start":{"line":87,"column":4},"end":{"line":104,"column":5}},"31":{"start":{"line":88,"column":6},"end":{"line":88,"column":73}},"32":{"start":{"line":89,"column":6},"end":{"line":89,"column":33}},"33":{"start":{"line":91,"column":6},"end":{"line":103,"column":7}},"34":{"start":{"line":92,"column":8},"end":{"line":92,"column":76}},"35":{"start":{"line":93,"column":8},"end":{"line":93,"column":24}},"36":{"start":{"line":95,"column":8},"end":{"line":95,"column":67}},"37":{"start":{"line":96,"column":8},"end":{"line":102,"column":9}},"38":{"start":{"line":97,"column":10},"end":{"line":97,"column":77}},"39":{"start":{"line":98,"column":10},"end":{"line":98,"column":37}},"40":{"start":{"line":100,"column":10},"end":{"line":100,"column":52}},"41":{"start":{"line":101,"column":10},"end":{"line":101,"column":33}},"42":{"start":{"line":106,"column":2},"end":{"line":108,"column":3}},"43":{"start":{"line":107,"column":4},"end":{"line":107,"column":46}},"44":{"start":{"line":109,"column":2},"end":{"line":109,"column":21}},"45":{"start":{"line":119,"column":0},"end":{"line":126,"column":1}},"46":{"start":{"line":120,"column":2},"end":{"line":125,"column":4}},"47":{"start":{"line":127,"column":0},"end":{"line":127,"column":36}}},"branchMap":{"1":{"line":20,"type":"cond-expr","locations":[{"start":{"line":20,"column":70},"end":{"line":20,"column":73}},{"start":{"line":20,"column":76},"end":{"line":20,"column":92}}]},"2":{"line":20,"type":"binary-expr","locations":[{"start":{"line":20,"column":46},"end":{"line":20,"column":49}},{"start":{"line":20,"column":53},"end":{"line":20,"column":67}}]},"3":{"line":64,"type":"cond-expr","locations":[{"start":{"line":64,"column":69},"end":{"line":64,"column":81}},{"start":{"line":64,"column":84},"end":{"line":64,"column":86}}]},"4":{"line":64,"type":"binary-expr","locations":[{"start":{"line":64,"column":16},"end":{"line":64,"column":36}},{"start":{"line":64,"column":40},"end":{"line":64,"column":66}}]},"5":{"line":74,"type":"if","locations":[{"start":{"line":74,"column":2},"end":{"line":74,"column":2}},{"start":{"line":74,"column":2},"end":{"line":74,"column":2}}]},"6":{"line":74,"type":"binary-expr","locations":[{"start":{"line":74,"column":6},"end":{"line":74,"column":26}},{"start":{"line":74,"column":30},"end":{"line":74,"column":40}}]},"7":{"line":82,"type":"if","locations":[{"start":{"line":82,"column":4},"end":{"line":82,"column":4}},{"start":{"line":82,"column":4},"end":{"line":82,"column":4}}]},"8":{"line":87,"type":"if","locations":[{"start":{"line":87,"column":4},"end":{"line":87,"column":4}},{"start":{"line":87,"column":4},"end":{"line":87,"column":4}}]},"9":{"line":91,"type":"if","locations":[{"start":{"line":91,"column":6},"end":{"line":91,"column":6}},{"start":{"line":91,"column":6},"end":{"line":91,"column":6}}]},"10":{"line":96,"type":"if","locations":[{"start":{"line":96,"column":8},"end":{"line":96,"column":8}},{"start":{"line":96,"column":8},"end":{"line":96,"column":8}}]},"11":{"line":106,"type":"if","locations":[{"start":{"line":106,"column":2},"end":{"line":106,"column":2}},{"start":{"line":106,"column":2},"end":{"line":106,"column":2}}]}},"code":["'use strict';","","Object.defineProperty(exports, \"__esModule\", {","  value: true","});","exports.default = wordWrap;","","var _coerce_to_boolean = require('./helper/boolean/coerce_to_boolean');","","var _coerce_to_boolean2 = _interopRequireDefault(_coerce_to_boolean);","","var _coerce_to_number = require('./helper/number/coerce_to_number');","","var _coerce_to_number2 = _interopRequireDefault(_coerce_to_number);","","var _coerce_to_string = require('./helper/string/coerce_to_string');","","var _coerce_to_string2 = _interopRequireDefault(_coerce_to_string);","","function _interopRequireDefault(obj) { return obj && obj.__esModule ? obj : { default: obj }; }","","var OPTION_WIDTH = 'width';","var OPTION_NEW_LINE = 'newLine';","var OPTION_INDENT = 'indent';","var OPTION_CUT = 'cut';","","/**"," * Wraps `subject` to a given number of characters using a string break character."," *"," * @function wordWrap"," * @static"," * @since 1.0.0"," * @memberOf Manipulate"," * @param  {string} [subject=''] The string to wrap."," * @param  {Object} [options={}] The wrap options."," * @param  {number} [options.width=75] The number of characters at which to wrap."," * @param  {string} [options.newLine='\\n'] The string to add at the end of line."," * @param  {string} [options.indent='']  The string to intend the line."," * @param  {boolean} [options.cut=false] When `false` (default) does not split the word even if word length is bigger than `width`. <br/>"," *                                       When `true` breaks the word that has length bigger than `width`."," *"," * @return {string} Returns wrapped string."," * @example"," * v.wordWrap('Hello world', {"," *   width: 5"," * });"," * // => 'Hello\\nworld'"," *"," * v.wordWrap('Hello world', {"," *   width: 5,"," *   newLine: '<br/>',"," *   indent: '__'"," * });"," * // => '__Hello<br/>__world'"," *"," * v.wordWrap('Wonderful world', {"," *   width: 5,"," *   cut: true"," * });"," * // => 'Wonde\\nrful\\nworld'"," *"," */","function wordWrap(subject) {","  var options = arguments.length > 1 && arguments[1] !== undefined ? arguments[1] : {};","","  var subjectString = (0, _coerce_to_string2.default)(subject);","","  var _determineOptions = determineOptions(options),","      width = _determineOptions.width,","      newLine = _determineOptions.newLine,","      indent = _determineOptions.indent,","      cut = _determineOptions.cut;","","  if (subjectString === '' || width <= 0) {","    return indent;","  }","  var subjectLength = subjectString.length;","  var substring = subjectString.substring.bind(subjectString);","  var offset = 0;","  var wrappedLine = '';","  while (subjectLength - offset > width) {","    if (subjectString[offset] === ' ') {","      offset++;","      continue;","    }","    var spaceToWrapAt = subjectString.lastIndexOf(' ', width + offset);","    if (spaceToWrapAt >= offset) {","      wrappedLine += indent + substring(offset, spaceToWrapAt) + newLine;","      offset = spaceToWrapAt + 1;","    } else {","      if (cut) {","        wrappedLine += indent + substring(offset, width + offset) + newLine;","        offset += width;","      } else {","        spaceToWrapAt = subjectString.indexOf(' ', width + offset);","        if (spaceToWrapAt >= 0) {","          wrappedLine += indent + substring(offset, spaceToWrapAt) + newLine;","          offset = spaceToWrapAt + 1;","        } else {","          wrappedLine += indent + substring(offset);","          offset = subjectLength;","        }","      }","    }","  }","  if (offset < subjectLength) {","    wrappedLine += indent + substring(offset);","  }","  return wrappedLine;","}","","/**"," * Determine the word wrap options. The missing values are filled with defaults."," *"," * @param  {Object} options  The options object."," * @return {Object}          The word wrap options, with default settings if necessary."," * @ignore"," */","function determineOptions(options) {","  return {","    width: (0, _coerce_to_number2.default)(options[OPTION_WIDTH], 75),","    newLine: (0, _coerce_to_string2.default)(options[OPTION_NEW_LINE], '\\n'),","    indent: (0, _coerce_to_string2.default)(options[OPTION_INDENT], ''),","    cut: (0, _coerce_to_boolean2.default)(options[OPTION_CUT], false)","  };","}","module.exports = exports['default'];"],"l":{"3":1,"6":1,"8":1,"10":1,"12":1,"14":1,"16":1,"18":1,"20":3,"22":1,"23":1,"24":1,"25":1,"63":1,"64":0,"66":0,"68":0,"74":0,"75":0,"77":0,"78":0,"79":0,"80":0,"81":0,"82":0,"83":0,"84":0,"86":0,"87":0,"88":0,"89":0,"91":0,"92":0,"93":0,"95":0,"96":0,"97":0,"98":0,"100":0,"101":0,"106":0,"107":0,"109":0,"119":1,"120":0,"127":1}},"/home/travis/build/npmtest/node-npmtest-voca/node_modules/voca/helper/number/to_number.js":{"path":"/home/travis/build/npmtest/node-npmtest-voca/node_modules/voca/helper/number/to_number.js","s":{"1":1,"2":1,"3":1,"4":1,"5":1,"6":1,"7":1,"8":0,"9":0,"10":0,"11":1},"b":{"1":[0,1],"2":[1,1],"3":[0,0]},"f":{"1":1,"2":0},"fnMap":{"1":{"name":"_interopRequireDefault","line":12,"loc":{"start":{"line":12,"column":0},"end":{"line":12,"column":37}}},"2":{"name":"toNumber","line":24,"loc":{"start":{"line":24,"column":0},"end":{"line":24,"column":25}}}},"statementMap":{"1":{"start":{"line":3,"column":0},"end":{"line":5,"column":3}},"2":{"start":{"line":6,"column":0},"end":{"line":6,"column":27}},"3":{"start":{"line":8,"column":0},"end":{"line":8,"column":42}},"4":{"start":{"line":10,"column":0},"end":{"line":10,"column":47}},"5":{"start":{"line":12,"column":0},"end":{"line":12,"column":95}},"6":{"start":{"line":12,"column":39},"end":{"line":12,"column":93}},"7":{"start":{"line":24,"column":0},"end":{"line":29,"column":1}},"8":{"start":{"line":25,"column":2},"end":{"line":27,"column":3}},"9":{"start":{"line":26,"column":4},"end":{"line":26,"column":16}},"10":{"start":{"line":28,"column":2},"end":{"line":28,"column":23}},"11":{"start":{"line":30,"column":0},"end":{"line":30,"column":36}}},"branchMap":{"1":{"line":12,"type":"cond-expr","locations":[{"start":{"line":12,"column":70},"end":{"line":12,"column":73}},{"start":{"line":12,"column":76},"end":{"line":12,"column":92}}]},"2":{"line":12,"type":"binary-expr","locations":[{"start":{"line":12,"column":46},"end":{"line":12,"column":49}},{"start":{"line":12,"column":53},"end":{"line":12,"column":67}}]},"3":{"line":25,"type":"if","locations":[{"start":{"line":25,"column":2},"end":{"line":25,"column":2}},{"start":{"line":25,"column":2},"end":{"line":25,"column":2}}]}},"code":["'use strict';","","Object.defineProperty(exports, \"__esModule\", {","  value: true","});","exports.default = toNumber;","","var _is_nil = require('../object/is_nil');","","var _is_nil2 = _interopRequireDefault(_is_nil);","","function _interopRequireDefault(obj) { return obj && obj.__esModule ? obj : { default: obj }; }","","/**"," * Get the number representation of the `value`."," * Converts the `value` to a number."," * If `value` is `null` or `undefined`, return `null`."," *"," * @ignore"," * @function toNumber"," * @param  {*} value            The value to convert."," * @return {number|null}        Returns the number representation of `value` or `null` if `value` is `null` or `undefined`."," */","function toNumber(value) {","  if ((0, _is_nil2.default)(value)) {","    return null;","  }","  return Number(value);","}","module.exports = exports['default'];"],"l":{"3":1,"6":1,"8":1,"10":1,"12":1,"24":1,"25":0,"26":0,"28":0,"30":1}},"/home/travis/build/npmtest/node-npmtest-voca/node_modules/voca/helper/object/get_global.js":{"path":"/home/travis/build/npmtest/node-npmtest-voca/node_modules/voca/helper/object/get_global.js","s":{"1":1,"2":1,"3":1,"4":0,"5":0,"6":0,"7":0,"8":0,"9":0,"10":0,"11":0,"12":1,"13":1},"b":{"1":[0,0],"2":[0,0],"3":[0,0],"4":[0,0],"5":[0,0]},"f":{"1":0},"fnMap":{"1":{"name":"getGlobalObject","line":8,"loc":{"start":{"line":8,"column":0},"end":{"line":8,"column":27}}}},"statementMap":{"1":{"start":{"line":3,"column":0},"end":{"line":5,"column":3}},"2":{"start":{"line":6,"column":0},"end":{"line":6,"column":24}},"3":{"start":{"line":8,"column":0},"end":{"line":25,"column":1}},"4":{"start":{"line":9,"column":2},"end":{"line":11,"column":3}},"5":{"start":{"line":10,"column":4},"end":{"line":10,"column":24}},"6":{"start":{"line":14,"column":2},"end":{"line":23,"column":3},"skip":true},"7":{"start":{"line":16,"column":4},"end":{"line":16,"column":26},"skip":true},"8":{"start":{"line":17,"column":9},"end":{"line":23,"column":3},"skip":true},"9":{"start":{"line":19,"column":4},"end":{"line":19,"column":24},"skip":true},"10":{"start":{"line":22,"column":4},"end":{"line":22,"column":49},"skip":true},"11":{"start":{"line":24,"column":2},"end":{"line":24,"column":22}},"12":{"start":{"line":27,"column":0},"end":{"line":27,"column":34}},"13":{"start":{"line":28,"column":0},"end":{"line":28,"column":36}}},"branchMap":{"1":{"line":9,"type":"if","locations":[{"start":{"line":9,"column":2},"end":{"line":9,"column":2}},{"start":{"line":9,"column":2},"end":{"line":9,"column":2}}]},"2":{"line":14,"type":"if","locations":[{"start":{"line":14,"column":2},"end":{"line":14,"column":2},"skip":true},{"start":{"line":14,"column":2},"end":{"line":14,"column":2},"skip":true}]},"3":{"line":14,"type":"binary-expr","locations":[{"start":{"line":14,"column":6},"end":{"line":14,"column":32},"skip":true},{"start":{"line":14,"column":36},"end":{"line":14,"column":60},"skip":true}]},"4":{"line":17,"type":"if","locations":[{"start":{"line":17,"column":9},"end":{"line":17,"column":9},"skip":true},{"start":{"line":17,"column":9},"end":{"line":17,"column":9},"skip":true}]},"5":{"line":17,"type":"binary-expr","locations":[{"start":{"line":17,"column":13},"end":{"line":17,"column":37},"skip":true},{"start":{"line":17,"column":41},"end":{"line":17,"column":63},"skip":true}]}},"code":["'use strict';","","Object.defineProperty(exports, \"__esModule\", {","  value: true","});","var globalObject = null;","","function getGlobalObject() {","  if (globalObject !== null) {","    return globalObject;","  }","  /* istanbul ignore next */","  // It's hard to mock the global variables. This code surely works fine. I hope :)","  if (typeof global === 'object' && global.Object === Object) {","    // NodeJS global object","    globalObject = global;","  } else if (typeof self === 'object' && self.Object === Object) {","    // self property from Window object","    globalObject = self;","  } else {","    // Other cases. Function constructor always has the context as global object","    globalObject = new Function('return this')();","  }","  return globalObject;","}","","exports.default = getGlobalObject;","module.exports = exports['default'];"],"l":{"3":1,"6":1,"8":1,"9":0,"10":0,"14":1,"16":1,"17":1,"19":1,"22":1,"24":0,"27":1,"28":1}}}